INFO main eu.leads.processor.conf.LQPConfiguration - HOST:  vagvaz-laptop IP 147.27.14.80 BRCD 147.27.14.255
INFO main eu.leads.processor.common.infinispan.CacheManagerFactory - Starting Clustered Infinispan Manager
INFO main org.infinispan.configuration.parsing.Parser70 - ISPN000293: Ignoring XML attribute START, please remove from configuration file
INFO main org.infinispan.configuration.parsing.Parser70 - ISPN000293: Ignoring XML attribute START, please remove from configuration file
INFO main org.infinispan.configuration.parsing.Parser70 - ISPN000293: Ignoring XML attribute START, please remove from configuration file
INFO main org.infinispan.configuration.parsing.Parser70 - ISPN000293: Ignoring XML attribute START, please remove from configuration file
INFO main org.infinispan.configuration.parsing.Parser70 - ISPN000293: Ignoring XML attribute START, please remove from configuration file
INFO main org.infinispan.configuration.parsing.Parser70 - ISPN000293: Ignoring XML attribute START, please remove from configuration file
INFO main org.infinispan.configuration.parsing.Parser70 - ISPN000293: Ignoring XML attribute START, please remove from configuration file
INFO main org.infinispan.configuration.parsing.Parser70 - ISPN000293: Ignoring XML attribute START, please remove from configuration file
INFO main org.infinispan.configuration.parsing.Parser70 - ISPN000293: Ignoring XML attribute START, please remove from configuration file
INFO main org.infinispan.configuration.parsing.Parser70 - ISPN000293: Ignoring XML attribute START, please remove from configuration file
WARN main org.infinispan.configuration.cache.AbstractStoreConfigurationBuilder - ISPN000149: Fetch persistent state and purge on startup are both disabled, cache may contain stale entries on startup
INFO main org.infinispan.configuration.cache.EvictionConfigurationBuilder - ISPN000152: Passivation configured without an eviction policy being selected. Only manually evicted entities will be passivated.
WARN main org.infinispan.configuration.cache.AbstractStoreConfigurationBuilder - ISPN000149: Fetch persistent state and purge on startup are both disabled, cache may contain stale entries on startup
WARN main org.infinispan.configuration.cache.AbstractStoreConfigurationBuilder - ISPN000149: Fetch persistent state and purge on startup are both disabled, cache may contain stale entries on startup
INFO main org.infinispan.configuration.cache.EvictionConfigurationBuilder - ISPN000152: Passivation configured without an eviction policy being selected. Only manually evicted entities will be passivated.
WARN main org.infinispan.configuration.cache.AbstractStoreConfigurationBuilder - ISPN000149: Fetch persistent state and purge on startup are both disabled, cache may contain stale entries on startup
INFO main org.infinispan.configuration.cache.EvictionConfigurationBuilder - ISPN000152: Passivation configured without an eviction policy being selected. Only manually evicted entities will be passivated.
WARN main org.infinispan.configuration.cache.AbstractStoreConfigurationBuilder - ISPN000149: Fetch persistent state and purge on startup are both disabled, cache may contain stale entries on startup
INFO main org.infinispan.configuration.cache.EvictionConfigurationBuilder - ISPN000152: Passivation configured without an eviction policy being selected. Only manually evicted entities will be passivated.
WARN main org.infinispan.configuration.cache.AbstractStoreConfigurationBuilder - ISPN000149: Fetch persistent state and purge on startup are both disabled, cache may contain stale entries on startup
INFO main org.infinispan.configuration.cache.EvictionConfigurationBuilder - ISPN000152: Passivation configured without an eviction policy being selected. Only manually evicted entities will be passivated.
WARN main org.infinispan.configuration.cache.AbstractStoreConfigurationBuilder - ISPN000149: Fetch persistent state and purge on startup are both disabled, cache may contain stale entries on startup
WARN main eu.leads.processor.common.infinispan.ClusterInfinispanManager - Configuration given for clustered is not clustered so using default cluster configuration
INFO main org.infinispan.remoting.transport.jgroups.JGroupsTransport - ISPN000078: Starting JGroups channel ISPN
WARN main org.jgroups.stack.Configurator - JGRP000014: TP.loopback has been deprecated: enabled by default
WARN main org.jgroups.protocols.MFC - The fragmentation size of the fragmentation protocol is 60000, which is greater than min_credits (40000). This can lead to blockings (https://issues.jboss.org/browse/JGRP-1659)
WARN main org.jgroups.protocols.TCP - JGRP000046: bundler_type=new has been removed; using transfer-queue
INFO main org.infinispan.remoting.transport.jgroups.JGroupsTransport - ISPN000094: Received new cluster view for channel ISPN: [vagvaz-laptop-13997|0] (1) [vagvaz-laptop-13997]
INFO main org.infinispan.remoting.transport.jgroups.JGroupsTransport - ISPN000079: Channel ISPN local address is vagvaz-laptop-13997, physical addresses are [147.27.14.80:58996]
INFO main org.infinispan.factories.GlobalComponentRegistry - ISPN000128: Infinispan version: Infinispan 'Guinness' 7.0.0-SNAPSHOT
WARN main eu.leads.processor.common.infinispan.ClusterInfinispanManager - Configuration given for defaultCache is not clustered so using default cluster configuration
INFO main eu.leads.processor.common.infinispan.CacheManagerFactory - Starting Clustered Infinispan Manager
INFO main org.infinispan.configuration.parsing.Parser70 - ISPN000293: Ignoring XML attribute START, please remove from configuration file
INFO main org.infinispan.configuration.parsing.Parser70 - ISPN000293: Ignoring XML attribute START, please remove from configuration file
INFO main org.infinispan.configuration.parsing.Parser70 - ISPN000293: Ignoring XML attribute START, please remove from configuration file
INFO main org.infinispan.configuration.parsing.Parser70 - ISPN000293: Ignoring XML attribute START, please remove from configuration file
INFO main org.infinispan.configuration.parsing.Parser70 - ISPN000293: Ignoring XML attribute START, please remove from configuration file
INFO main org.infinispan.configuration.parsing.Parser70 - ISPN000293: Ignoring XML attribute START, please remove from configuration file
INFO main org.infinispan.configuration.parsing.Parser70 - ISPN000293: Ignoring XML attribute START, please remove from configuration file
INFO main org.infinispan.configuration.parsing.Parser70 - ISPN000293: Ignoring XML attribute START, please remove from configuration file
INFO main org.infinispan.configuration.parsing.Parser70 - ISPN000293: Ignoring XML attribute START, please remove from configuration file
INFO main org.infinispan.configuration.parsing.Parser70 - ISPN000293: Ignoring XML attribute START, please remove from configuration file
WARN main org.infinispan.configuration.cache.AbstractStoreConfigurationBuilder - ISPN000149: Fetch persistent state and purge on startup are both disabled, cache may contain stale entries on startup
INFO main org.infinispan.configuration.cache.EvictionConfigurationBuilder - ISPN000152: Passivation configured without an eviction policy being selected. Only manually evicted entities will be passivated.
WARN main org.infinispan.configuration.cache.AbstractStoreConfigurationBuilder - ISPN000149: Fetch persistent state and purge on startup are both disabled, cache may contain stale entries on startup
WARN main org.infinispan.configuration.cache.AbstractStoreConfigurationBuilder - ISPN000149: Fetch persistent state and purge on startup are both disabled, cache may contain stale entries on startup
INFO main org.infinispan.configuration.cache.EvictionConfigurationBuilder - ISPN000152: Passivation configured without an eviction policy being selected. Only manually evicted entities will be passivated.
WARN main org.infinispan.configuration.cache.AbstractStoreConfigurationBuilder - ISPN000149: Fetch persistent state and purge on startup are both disabled, cache may contain stale entries on startup
INFO main org.infinispan.configuration.cache.EvictionConfigurationBuilder - ISPN000152: Passivation configured without an eviction policy being selected. Only manually evicted entities will be passivated.
WARN main org.infinispan.configuration.cache.AbstractStoreConfigurationBuilder - ISPN000149: Fetch persistent state and purge on startup are both disabled, cache may contain stale entries on startup
INFO main org.infinispan.configuration.cache.EvictionConfigurationBuilder - ISPN000152: Passivation configured without an eviction policy being selected. Only manually evicted entities will be passivated.
WARN main org.infinispan.configuration.cache.AbstractStoreConfigurationBuilder - ISPN000149: Fetch persistent state and purge on startup are both disabled, cache may contain stale entries on startup
INFO main org.infinispan.configuration.cache.EvictionConfigurationBuilder - ISPN000152: Passivation configured without an eviction policy being selected. Only manually evicted entities will be passivated.
WARN main org.infinispan.configuration.cache.AbstractStoreConfigurationBuilder - ISPN000149: Fetch persistent state and purge on startup are both disabled, cache may contain stale entries on startup
WARN main eu.leads.processor.common.infinispan.ClusterInfinispanManager - Configuration given for clustered is not clustered so using default cluster configuration
INFO main org.infinispan.remoting.transport.jgroups.JGroupsTransport - ISPN000078: Starting JGroups channel ISPN
WARN main org.jgroups.stack.Configurator - JGRP000014: TP.loopback has been deprecated: enabled by default
WARN main org.jgroups.protocols.MFC - The fragmentation size of the fragmentation protocol is 60000, which is greater than min_credits (40000). This can lead to blockings (https://issues.jboss.org/browse/JGRP-1659)
WARN main org.jgroups.protocols.TCP - JGRP000046: bundler_type=new has been removed; using transfer-queue
INFO Incoming-1,vagvaz-laptop-13997 org.infinispan.remoting.transport.jgroups.JGroupsTransport - ISPN000094: Received new cluster view for channel ISPN: [vagvaz-laptop-13997|1] (2) [vagvaz-laptop-13997, vagvaz-laptop-31391]
INFO main org.infinispan.remoting.transport.jgroups.JGroupsTransport - ISPN000094: Received new cluster view for channel ISPN: [vagvaz-laptop-13997|1] (2) [vagvaz-laptop-13997, vagvaz-laptop-31391]
INFO main org.infinispan.remoting.transport.jgroups.JGroupsTransport - ISPN000079: Channel ISPN local address is vagvaz-laptop-31391, physical addresses are [147.27.14.80:44324]
WARN main eu.leads.processor.common.infinispan.ClusterInfinispanManager - Configuration given for defaultCache is not clustered so using default cluster configuration
WARN main eu.leads.processor.common.infinispan.ClusterInfinispanManager - Configuration given for clustered is not clustered so using default cluster configuration
WARN main eu.leads.processor.common.infinispan.ClusterInfinispanManager - Configuration given for clustered is not clustered so using default cluster configuration
ERROR main eu.leads.processor.common.utils.FileLockWrapper - Could not create the directories for the lock of /tmp/leads/processor/tmp/testplugin.jar.lock
ERROR main eu.leads.processor.common.utils.FileLockWrapper - Could not create the directories for the lock of /tmp/leads/processor/tmp/testplugin.jar.lock
ERROR main eu.leads.processor.common.utils.FileLockWrapper - Could not create the directories for the lock of /tmp/leads/processor/tmp/testplugin.xml.lock
WARN main eu.leads.processor.common.infinispan.ClusterInfinispanManager - Configuration given for mycache is not clustered so using default cluster configuration
WARN main eu.leads.processor.common.infinispan.ClusterInfinispanManager - Configuration given for processor_plugins: is not clustered so using default cluster configuration
WARN main eu.leads.processor.common.infinispan.ClusterInfinispanManager - Configuration given for active_plugins_cache: is not clustered so using default cluster configuration
WARN main eu.leads.processor.common.infinispan.ClusterInfinispanManager - Configuration given for processor_plugins: is not clustered so using default cluster configuration
ERROR main eu.leads.processor.common.utils.FileLockWrapper - Could not create the directories for the lock of /tmp/leads/processor/tmp/testplugin.jar.lock
ERROR main eu.leads.processor.common.utils.FileLockWrapper - Could not create the directories for the lock of /tmp/leads/processor/tmp/testplugin.jar.lock
ERROR main eu.leads.processor.common.utils.FileLockWrapper - Could not create the directories for the lock of /tmp/leads/processor/tmp/testplugin.xml.lock
WARN main eu.leads.processor.common.infinispan.ClusterInfinispanManager - Configuration given for mycache is not clustered so using default cluster configuration
WARN main eu.leads.processor.common.infinispan.ClusterInfinispanManager - Configuration given for webpages is not clustered so using default cluster configuration
ERROR main eu.leads.processor.conf.LQPConfiguration - File config.propertiesCould not be loaded because it does not exist neither in the working dir nor in conf/
INFO main eu.leads.crawler.PersistentCrawl - Seed : http://www.bbc.co.uk
INFO main eu.leads.crawler.PersistentCrawl - Depth 3
INFO main eu.leads.crawler.PersistentCrawl - Number of crawler threads 1
INFO main eu.leads.crawler.PersistentCrawl - Document earler than 10 day(s)
WARN main eu.leads.processor.common.infinispan.ClusterInfinispanManager - Configuration given for webpages is not clustered so using default cluster configuration
INFO main eu.leads.crawler.PersistentCrawl - 0
INFO main eu.leads.crawler.CrawlerController - Starting crawling..
INFO main eu.leads.crawler.CrawlerController - Initializing crawler controller
INFO main eu.leads.crawler.CrawlerController - Initializing task queue
INFO main eu.leads.crawler.CrawlerController - Queue is overriden, setting it instead of default inner task queue
INFO main eu.leads.crawler.CrawlerController - Initializing scheduler
INFO main eu.leads.crawler.frontier.DefaultScheduler - Scheduler was successfully initialized and started
INFO main eu.leads.crawler.CrawlerController - Initializing crawler workers
INFO main eu.leads.crawler.CrawlerController$CrawlerWorker - Thread-25 set task queue
INFO main eu.leads.crawler.CrawlerController - Task queue initialized
INFO main eu.leads.crawler.CrawlerController - Crawler controller initialized
INFO main eu.leads.crawler.CrawlerController$CrawlerWorker - Thread-25 is started
INFO Thread-25 eu.leads.crawler.CrawlerController$CrawlerWorker - Thread-25 start do work loop
INFO Thread-25 eu.leads.crawler.PersistentCrawler - Crawled: http://www.bbc.co.uk
INFO Thread-25 eu.leads.crawler.PersistentCrawler - Crawled: http://www.bbc.co.uk/
INFO Thread-25 eu.leads.crawler.PersistentCrawler - Crawled: http://www.bbc.co.uk/alba/
INFO Thread-25 eu.leads.crawler.PersistentCrawler - Crawled: http://www.bbc.co.uk/cymru/
INFO Thread-25 eu.leads.crawler.PersistentCrawler - Crawled: http://www.bbc.co.uk/
INFO Thread-25 eu.leads.crawler.PersistentCrawler - Crawled: http://www.bbc.co.uk
INFO Thread-25 eu.leads.crawler.PersistentCrawler - Crawled: http://www.bbc.co.uk/accessibility/
INFO Thread-25 eu.leads.crawler.download.DefaultDownloader - http://www.bbc.co.uk/news/ content length exceeded limit, stopping downloading
INFO Thread-25 eu.leads.crawler.download.DefaultDownloader - Request to http://www.bbc.co.uk/news/ violates this downloader constraints
INFO Thread-25 eu.leads.crawler.PersistentCrawler - Crawled: http://www.bbc.co.uk/weather/
WARN main eu.leads.processor.common.infinispan.ClusterInfinispanManager - Configuration given for mycache is not clustered so using default cluster configuration
INFO main eu.leads.crawler.CrawlerController - Stopping crawling
INFO main eu.leads.crawler.CrawlerController$CrawlerWorker - Thread-25 is joined, waiting until it stops
INFO Thread-25 eu.leads.crawler.PersistentCrawler - Crawled: http://www.bbc.co.uk/cbbc/
INFO Thread-25 eu.leads.crawler.CrawlerController$CrawlerWorker - Thread-25 finished its work
INFO main eu.leads.crawler.CrawlerController$CrawlerWorker - Thread-25 is stopped
INFO main org.infinispan.remoting.transport.jgroups.JGroupsTransport - ISPN000080: Disconnecting JGroups channel ISPN
INFO Incoming-1,vagvaz-laptop-31391 org.infinispan.remoting.transport.jgroups.JGroupsTransport - ISPN000094: Received new cluster view for channel ISPN: [vagvaz-laptop-31391|2] (1) [vagvaz-laptop-31391]
INFO main org.infinispan.remoting.transport.jgroups.JGroupsTransport - ISPN000082: Stopping the RpcDispatcher for channel ISPN
INFO main eu.leads.processor.common.infinispan.CacheManagerFactory - Starting Clustered Infinispan Manager
INFO main org.infinispan.configuration.parsing.Parser70 - ISPN000293: Ignoring XML attribute START, please remove from configuration file
INFO main org.infinispan.configuration.parsing.Parser70 - ISPN000293: Ignoring XML attribute START, please remove from configuration file
INFO main org.infinispan.configuration.parsing.Parser70 - ISPN000293: Ignoring XML attribute START, please remove from configuration file
INFO main org.infinispan.configuration.parsing.Parser70 - ISPN000293: Ignoring XML attribute START, please remove from configuration file
INFO main org.infinispan.configuration.parsing.Parser70 - ISPN000293: Ignoring XML attribute START, please remove from configuration file
INFO main org.infinispan.configuration.parsing.Parser70 - ISPN000293: Ignoring XML attribute START, please remove from configuration file
INFO main org.infinispan.configuration.parsing.Parser70 - ISPN000293: Ignoring XML attribute START, please remove from configuration file
INFO main org.infinispan.configuration.parsing.Parser70 - ISPN000293: Ignoring XML attribute START, please remove from configuration file
WARN main org.infinispan.configuration.cache.AbstractStoreConfigurationBuilder - ISPN000149: Fetch persistent state and purge on startup are both disabled, cache may contain stale entries on startup
INFO main org.infinispan.configuration.cache.EvictionConfigurationBuilder - ISPN000152: Passivation configured without an eviction policy being selected. Only manually evicted entities will be passivated.
WARN main org.infinispan.configuration.cache.AbstractStoreConfigurationBuilder - ISPN000149: Fetch persistent state and purge on startup are both disabled, cache may contain stale entries on startup
WARN main org.infinispan.configuration.cache.AbstractStoreConfigurationBuilder - ISPN000149: Fetch persistent state and purge on startup are both disabled, cache may contain stale entries on startup
WARN main org.infinispan.configuration.cache.AbstractStoreConfigurationBuilder - ISPN000149: Fetch persistent state and purge on startup are both disabled, cache may contain stale entries on startup
INFO main org.infinispan.configuration.cache.EvictionConfigurationBuilder - ISPN000152: Passivation configured without an eviction policy being selected. Only manually evicted entities will be passivated.
WARN main org.infinispan.configuration.cache.AbstractStoreConfigurationBuilder - ISPN000149: Fetch persistent state and purge on startup are both disabled, cache may contain stale entries on startup
INFO main org.infinispan.configuration.cache.EvictionConfigurationBuilder - ISPN000152: Passivation configured without an eviction policy being selected. Only manually evicted entities will be passivated.
WARN main org.infinispan.configuration.cache.AbstractStoreConfigurationBuilder - ISPN000149: Fetch persistent state and purge on startup are both disabled, cache may contain stale entries on startup
WARN main org.infinispan.configuration.cache.AbstractStoreConfigurationBuilder - ISPN000149: Fetch persistent state and purge on startup are both disabled, cache may contain stale entries on startup
ERROR main eu.leads.processor.common.infinispan.ClusterInfinispanManager - Configuration given for clustered is not clustered so using default cluster configuration
INFO main org.infinispan.remoting.transport.jgroups.JGroupsTransport - ISPN000078: Starting JGroups channel ISPN
WARN main org.jgroups.stack.Configurator - JGRP000014: TP.loopback has been deprecated: enabled by default
WARN main org.jgroups.protocols.MFC - The fragmentation size of the fragmentation protocol is 60000, which is greater than min_credits (40000). This can lead to blockings (https://issues.jboss.org/browse/JGRP-1659)
WARN main org.jgroups.protocols.TCP - JGRP000046: bundler_type=new has been removed; using transfer-queue
INFO main org.infinispan.remoting.transport.jgroups.JGroupsTransport - ISPN000094: Received new cluster view for channel ISPN: [vagvaz-laptop-50853|0] (1) [vagvaz-laptop-50853]
INFO main org.infinispan.remoting.transport.jgroups.JGroupsTransport - ISPN000079: Channel ISPN local address is vagvaz-laptop-50853, physical addresses are [147.27.14.80:50854]
INFO main org.infinispan.factories.GlobalComponentRegistry - ISPN000128: Infinispan version: Infinispan 'Guinness' 7.0.0.Alpha5
WARN pool-4-thread-1 org.infinispan.configuration.cache.AbstractStoreConfigurationBuilder - ISPN000149: Fetch persistent state and purge on startup are both disabled, cache may contain stale entries on startup
INFO main eu.leads.processor.common.infinispan.CacheManagerFactory - Starting Clustered Infinispan Manager
INFO main org.infinispan.configuration.parsing.Parser70 - ISPN000293: Ignoring XML attribute START, please remove from configuration file
INFO main org.infinispan.configuration.parsing.Parser70 - ISPN000293: Ignoring XML attribute START, please remove from configuration file
INFO main org.infinispan.configuration.parsing.Parser70 - ISPN000293: Ignoring XML attribute START, please remove from configuration file
INFO main org.infinispan.configuration.parsing.Parser70 - ISPN000293: Ignoring XML attribute START, please remove from configuration file
INFO main org.infinispan.configuration.parsing.Parser70 - ISPN000293: Ignoring XML attribute START, please remove from configuration file
INFO main org.infinispan.configuration.parsing.Parser70 - ISPN000293: Ignoring XML attribute START, please remove from configuration file
INFO main org.infinispan.configuration.parsing.Parser70 - ISPN000293: Ignoring XML attribute START, please remove from configuration file
INFO main org.infinispan.configuration.parsing.Parser70 - ISPN000293: Ignoring XML attribute START, please remove from configuration file
WARN main org.infinispan.configuration.cache.AbstractStoreConfigurationBuilder - ISPN000149: Fetch persistent state and purge on startup are both disabled, cache may contain stale entries on startup
INFO main org.infinispan.configuration.cache.EvictionConfigurationBuilder - ISPN000152: Passivation configured without an eviction policy being selected. Only manually evicted entities will be passivated.
WARN main org.infinispan.configuration.cache.AbstractStoreConfigurationBuilder - ISPN000149: Fetch persistent state and purge on startup are both disabled, cache may contain stale entries on startup
WARN main org.infinispan.configuration.cache.AbstractStoreConfigurationBuilder - ISPN000149: Fetch persistent state and purge on startup are both disabled, cache may contain stale entries on startup
WARN main org.infinispan.configuration.cache.AbstractStoreConfigurationBuilder - ISPN000149: Fetch persistent state and purge on startup are both disabled, cache may contain stale entries on startup
INFO main org.infinispan.configuration.cache.EvictionConfigurationBuilder - ISPN000152: Passivation configured without an eviction policy being selected. Only manually evicted entities will be passivated.
WARN main org.infinispan.configuration.cache.AbstractStoreConfigurationBuilder - ISPN000149: Fetch persistent state and purge on startup are both disabled, cache may contain stale entries on startup
INFO main org.infinispan.configuration.cache.EvictionConfigurationBuilder - ISPN000152: Passivation configured without an eviction policy being selected. Only manually evicted entities will be passivated.
WARN main org.infinispan.configuration.cache.AbstractStoreConfigurationBuilder - ISPN000149: Fetch persistent state and purge on startup are both disabled, cache may contain stale entries on startup
WARN main org.infinispan.configuration.cache.AbstractStoreConfigurationBuilder - ISPN000149: Fetch persistent state and purge on startup are both disabled, cache may contain stale entries on startup
ERROR main eu.leads.processor.common.infinispan.ClusterInfinispanManager - Configuration given for clustered is not clustered so using default cluster configuration
INFO main org.infinispan.remoting.transport.jgroups.JGroupsTransport - ISPN000078: Starting JGroups channel ISPN
WARN main org.jgroups.stack.Configurator - JGRP000014: TP.loopback has been deprecated: enabled by default
WARN main org.jgroups.protocols.MFC - The fragmentation size of the fragmentation protocol is 60000, which is greater than min_credits (40000). This can lead to blockings (https://issues.jboss.org/browse/JGRP-1659)
WARN main org.jgroups.protocols.TCP - JGRP000046: bundler_type=new has been removed; using transfer-queue
INFO Incoming-1,vagvaz-laptop-50853 org.infinispan.remoting.transport.jgroups.JGroupsTransport - ISPN000094: Received new cluster view for channel ISPN: [vagvaz-laptop-50853|1] (2) [vagvaz-laptop-50853, vagvaz-laptop-46884]
INFO main org.infinispan.remoting.transport.jgroups.JGroupsTransport - ISPN000094: Received new cluster view for channel ISPN: [vagvaz-laptop-50853|1] (2) [vagvaz-laptop-50853, vagvaz-laptop-46884]
INFO main org.infinispan.remoting.transport.jgroups.JGroupsTransport - ISPN000079: Channel ISPN local address is vagvaz-laptop-46884, physical addresses are [147.27.14.80:53986]
WARN pool-8-thread-1 org.infinispan.configuration.cache.AbstractStoreConfigurationBuilder - ISPN000149: Fetch persistent state and purge on startup are both disabled, cache may contain stale entries on startup
ERROR main eu.leads.processor.common.utils.FileLockWrapper - Could not create the directories for the lock of /tmp/leads/processor/tmp/testplugin.jar.lock
ERROR main eu.leads.processor.common.utils.FileLockWrapper - Could not create the directories for the lock of /tmp/leads/processor/tmp/testplugin.jar.lock
ERROR main eu.leads.processor.common.utils.FileLockWrapper - Could not create the directories for the lock of /tmp/leads/processor/tmp/testplugin.xml.lock
ERROR main eu.leads.processor.common.infinispan.ClusterInfinispanManager - Configuration given for mycache is not clustered so using default cluster configuration
WARN pool-9-thread-1 org.infinispan.configuration.cache.AbstractStoreConfigurationBuilder - ISPN000149: Fetch persistent state and purge on startup are both disabled, cache may contain stale entries on startup
ERROR main eu.leads.processor.common.infinispan.ClusterInfinispanManager - Configuration given for processor_plugins: is not clustered so using default cluster configuration
WARN pool-10-thread-1 org.infinispan.configuration.cache.AbstractStoreConfigurationBuilder - ISPN000149: Fetch persistent state and purge on startup are both disabled, cache may contain stale entries on startup
ERROR main eu.leads.processor.common.infinispan.ClusterInfinispanManager - Configuration given for active_plugins_cache: is not clustered so using default cluster configuration
WARN pool-11-thread-1 org.infinispan.configuration.cache.AbstractStoreConfigurationBuilder - ISPN000149: Fetch persistent state and purge on startup are both disabled, cache may contain stale entries on startup
ERROR main eu.leads.processor.common.utils.FileLockWrapper - Could not create the directories for the lock of /tmp/leads/processor/tmp/testplugin.jar.lock
ERROR main eu.leads.processor.common.utils.FileLockWrapper - Could not create the directories for the lock of /tmp/leads/processor/tmp/testplugin.jar.lock
ERROR main eu.leads.processor.common.utils.FileLockWrapper - Could not create the directories for the lock of /tmp/leads/processor/tmp/testplugin.xml.lock
ERROR main eu.leads.processor.common.infinispan.ClusterInfinispanManager - Configuration given for webpages is not clustered so using default cluster configuration
WARN pool-12-thread-1 org.infinispan.configuration.cache.AbstractStoreConfigurationBuilder - ISPN000149: Fetch persistent state and purge on startup are both disabled, cache may contain stale entries on startup
ERROR main eu.leads.processor.conf.LQPConfiguration - File config.propertiesCould not be loaded because it does not exist neither in the working dir nor in conf/
INFO main eu.leads.crawler.PersistentCrawl - Seed : http://www.bbc.co.uk
INFO main eu.leads.crawler.PersistentCrawl - Depth 3
INFO main eu.leads.crawler.PersistentCrawl - Number of crawler threads 1
INFO main eu.leads.crawler.PersistentCrawl - Document earler than 10 day(s)
INFO main eu.leads.crawler.PersistentCrawl - 0
INFO main eu.leads.crawler.CrawlerController - Starting crawling..
INFO main eu.leads.crawler.CrawlerController - Initializing crawler controller
INFO main eu.leads.crawler.CrawlerController - Initializing task queue
INFO main eu.leads.crawler.CrawlerController - Queue is overriden, setting it instead of default inner task queue
INFO main eu.leads.crawler.CrawlerController - Initializing scheduler
INFO main eu.leads.crawler.frontier.DefaultScheduler - Scheduler was successfully initialized and started
INFO main eu.leads.crawler.CrawlerController - Initializing crawler workers
INFO main eu.leads.crawler.CrawlerController$CrawlerWorker - Thread-18 set task queue
INFO main eu.leads.crawler.CrawlerController - Task queue initialized
INFO main eu.leads.crawler.CrawlerController - Crawler controller initialized
INFO main eu.leads.crawler.CrawlerController$CrawlerWorker - Thread-18 is started
INFO Thread-18 eu.leads.crawler.CrawlerController$CrawlerWorker - Thread-18 start do work loop
INFO Thread-18 eu.leads.crawler.PersistentCrawler - Crawled: http://www.bbc.co.uk
WARN notification-thread--p2-t1 org.infinispan.notifications.cachelistener.CacheNotifierImpl - ISPN000134: Unable to invoke method public void eu.leads.processor.plugins.SimplePluginRunner.entryCreated(org.infinispan.notifications.cachelistener.event.CacheEntryCreatedEvent) on Object instance eu.leads.processor.plugins.SimplePluginRunner@27f0da6c - removing this target object from list of listeners!
java.util.ConcurrentModificationException
	at java.util.LinkedHashMap$LinkedHashIterator.nextNode(LinkedHashMap.java:711)
	at java.util.LinkedHashMap$LinkedKeyIterator.next(LinkedHashMap.java:734)
	at eu.leads.processor.core.Tuple.keepOnly(Tuple.java:73)
	at eu.leads.processor.plugins.transform.TransformPlugin.processTuple(TransformPlugin.java:61)
	at eu.leads.processor.plugins.transform.TransformPlugin.created(TransformPlugin.java:68)
	at eu.leads.processor.plugins.SimplePluginRunner.entryCreated(SimplePluginRunner.java:79)
	at sun.reflect.NativeMethodAccessorImpl.invoke0(Native Method)
	at sun.reflect.NativeMethodAccessorImpl.invoke(NativeMethodAccessorImpl.java:62)
	at sun.reflect.DelegatingMethodAccessorImpl.invoke(DelegatingMethodAccessorImpl.java:43)
	at java.lang.reflect.Method.invoke(Method.java:483)
	at org.infinispan.notifications.impl.AbstractListenerImpl$ListenerInvocationImpl$1.run(AbstractListenerImpl.java:281)
	at java.util.concurrent.ThreadPoolExecutor.runWorker(ThreadPoolExecutor.java:1142)
	at java.util.concurrent.ThreadPoolExecutor$Worker.run(ThreadPoolExecutor.java:617)
	at java.lang.Thread.run(Thread.java:745)
WARN notification-thread--p2-t1 org.infinispan.notifications.cachelistener.CacheNotifierImpl - ISPN000134: Unable to invoke method public void eu.leads.processor.plugins.SimplePluginRunner.entryCreated(org.infinispan.notifications.cachelistener.event.CacheEntryCreatedEvent) on Object instance eu.leads.processor.plugins.SimplePluginRunner@714d2b59 - removing this target object from list of listeners!
java.util.ConcurrentModificationException
	at java.util.LinkedHashMap$LinkedHashIterator.nextNode(LinkedHashMap.java:711)
	at java.util.LinkedHashMap$LinkedKeyIterator.next(LinkedHashMap.java:734)
	at eu.leads.processor.core.Tuple.keepOnly(Tuple.java:73)
	at eu.leads.processor.plugins.transform.TransformPlugin.processTuple(TransformPlugin.java:61)
	at eu.leads.processor.plugins.transform.TransformPlugin.created(TransformPlugin.java:68)
	at eu.leads.processor.plugins.SimplePluginRunner.entryCreated(SimplePluginRunner.java:79)
	at sun.reflect.NativeMethodAccessorImpl.invoke0(Native Method)
	at sun.reflect.NativeMethodAccessorImpl.invoke(NativeMethodAccessorImpl.java:62)
	at sun.reflect.DelegatingMethodAccessorImpl.invoke(DelegatingMethodAccessorImpl.java:43)
	at java.lang.reflect.Method.invoke(Method.java:483)
	at org.infinispan.notifications.impl.AbstractListenerImpl$ListenerInvocationImpl$1.run(AbstractListenerImpl.java:281)
	at java.util.concurrent.ThreadPoolExecutor.runWorker(ThreadPoolExecutor.java:1142)
	at java.util.concurrent.ThreadPoolExecutor$Worker.run(ThreadPoolExecutor.java:617)
	at java.lang.Thread.run(Thread.java:745)
INFO Thread-18 eu.leads.crawler.PersistentCrawler - Crawled: http://www.bbc.co.uk/
WARN notification-thread--p2-t1 org.infinispan.notifications.cachelistener.CacheNotifierImpl - ISPN000134: Unable to invoke method public void eu.leads.processor.plugins.SimplePluginRunner.entryCreated(org.infinispan.notifications.cachelistener.event.CacheEntryCreatedEvent) on Object instance eu.leads.processor.plugins.SimplePluginRunner@27f0da6c - removing this target object from list of listeners!
java.util.ConcurrentModificationException
	at java.util.LinkedHashMap$LinkedHashIterator.nextNode(LinkedHashMap.java:711)
	at java.util.LinkedHashMap$LinkedKeyIterator.next(LinkedHashMap.java:734)
	at eu.leads.processor.core.Tuple.keepOnly(Tuple.java:73)
	at eu.leads.processor.plugins.transform.TransformPlugin.processTuple(TransformPlugin.java:61)
	at eu.leads.processor.plugins.transform.TransformPlugin.created(TransformPlugin.java:68)
	at eu.leads.processor.plugins.SimplePluginRunner.entryCreated(SimplePluginRunner.java:79)
	at sun.reflect.NativeMethodAccessorImpl.invoke0(Native Method)
	at sun.reflect.NativeMethodAccessorImpl.invoke(NativeMethodAccessorImpl.java:62)
	at sun.reflect.DelegatingMethodAccessorImpl.invoke(DelegatingMethodAccessorImpl.java:43)
	at java.lang.reflect.Method.invoke(Method.java:483)
	at org.infinispan.notifications.impl.AbstractListenerImpl$ListenerInvocationImpl$1.run(AbstractListenerImpl.java:281)
	at java.util.concurrent.ThreadPoolExecutor.runWorker(ThreadPoolExecutor.java:1142)
	at java.util.concurrent.ThreadPoolExecutor$Worker.run(ThreadPoolExecutor.java:617)
	at java.lang.Thread.run(Thread.java:745)
WARN notification-thread--p2-t1 org.infinispan.notifications.cachelistener.CacheNotifierImpl - ISPN000134: Unable to invoke method public void eu.leads.processor.plugins.SimplePluginRunner.entryCreated(org.infinispan.notifications.cachelistener.event.CacheEntryCreatedEvent) on Object instance eu.leads.processor.plugins.SimplePluginRunner@714d2b59 - removing this target object from list of listeners!
java.util.ConcurrentModificationException
	at java.util.LinkedHashMap$LinkedHashIterator.nextNode(LinkedHashMap.java:711)
	at java.util.LinkedHashMap$LinkedKeyIterator.next(LinkedHashMap.java:734)
	at eu.leads.processor.core.Tuple.keepOnly(Tuple.java:73)
	at eu.leads.processor.plugins.transform.TransformPlugin.processTuple(TransformPlugin.java:61)
	at eu.leads.processor.plugins.transform.TransformPlugin.created(TransformPlugin.java:68)
	at eu.leads.processor.plugins.SimplePluginRunner.entryCreated(SimplePluginRunner.java:79)
	at sun.reflect.NativeMethodAccessorImpl.invoke0(Native Method)
	at sun.reflect.NativeMethodAccessorImpl.invoke(NativeMethodAccessorImpl.java:62)
	at sun.reflect.DelegatingMethodAccessorImpl.invoke(DelegatingMethodAccessorImpl.java:43)
	at java.lang.reflect.Method.invoke(Method.java:483)
	at org.infinispan.notifications.impl.AbstractListenerImpl$ListenerInvocationImpl$1.run(AbstractListenerImpl.java:281)
	at java.util.concurrent.ThreadPoolExecutor.runWorker(ThreadPoolExecutor.java:1142)
	at java.util.concurrent.ThreadPoolExecutor$Worker.run(ThreadPoolExecutor.java:617)
	at java.lang.Thread.run(Thread.java:745)
INFO Thread-18 eu.leads.crawler.PersistentCrawler - Crawled: http://www.bbc.co.uk/alba/
WARN notification-thread--p2-t1 org.infinispan.notifications.cachelistener.CacheNotifierImpl - ISPN000134: Unable to invoke method public void eu.leads.processor.plugins.SimplePluginRunner.entryCreated(org.infinispan.notifications.cachelistener.event.CacheEntryCreatedEvent) on Object instance eu.leads.processor.plugins.SimplePluginRunner@27f0da6c - removing this target object from list of listeners!
java.util.ConcurrentModificationException
	at java.util.LinkedHashMap$LinkedHashIterator.nextNode(LinkedHashMap.java:711)
	at java.util.LinkedHashMap$LinkedKeyIterator.next(LinkedHashMap.java:734)
	at eu.leads.processor.core.Tuple.keepOnly(Tuple.java:73)
	at eu.leads.processor.plugins.transform.TransformPlugin.processTuple(TransformPlugin.java:61)
	at eu.leads.processor.plugins.transform.TransformPlugin.created(TransformPlugin.java:68)
	at eu.leads.processor.plugins.SimplePluginRunner.entryCreated(SimplePluginRunner.java:79)
	at sun.reflect.NativeMethodAccessorImpl.invoke0(Native Method)
	at sun.reflect.NativeMethodAccessorImpl.invoke(NativeMethodAccessorImpl.java:62)
	at sun.reflect.DelegatingMethodAccessorImpl.invoke(DelegatingMethodAccessorImpl.java:43)
	at java.lang.reflect.Method.invoke(Method.java:483)
	at org.infinispan.notifications.impl.AbstractListenerImpl$ListenerInvocationImpl$1.run(AbstractListenerImpl.java:281)
	at java.util.concurrent.ThreadPoolExecutor.runWorker(ThreadPoolExecutor.java:1142)
	at java.util.concurrent.ThreadPoolExecutor$Worker.run(ThreadPoolExecutor.java:617)
	at java.lang.Thread.run(Thread.java:745)
WARN notification-thread--p2-t1 org.infinispan.notifications.cachelistener.CacheNotifierImpl - ISPN000134: Unable to invoke method public void eu.leads.processor.plugins.SimplePluginRunner.entryCreated(org.infinispan.notifications.cachelistener.event.CacheEntryCreatedEvent) on Object instance eu.leads.processor.plugins.SimplePluginRunner@714d2b59 - removing this target object from list of listeners!
java.util.ConcurrentModificationException
	at java.util.LinkedHashMap$LinkedHashIterator.nextNode(LinkedHashMap.java:711)
	at java.util.LinkedHashMap$LinkedKeyIterator.next(LinkedHashMap.java:734)
	at eu.leads.processor.core.Tuple.keepOnly(Tuple.java:73)
	at eu.leads.processor.plugins.transform.TransformPlugin.processTuple(TransformPlugin.java:61)
	at eu.leads.processor.plugins.transform.TransformPlugin.created(TransformPlugin.java:68)
	at eu.leads.processor.plugins.SimplePluginRunner.entryCreated(SimplePluginRunner.java:79)
	at sun.reflect.NativeMethodAccessorImpl.invoke0(Native Method)
	at sun.reflect.NativeMethodAccessorImpl.invoke(NativeMethodAccessorImpl.java:62)
	at sun.reflect.DelegatingMethodAccessorImpl.invoke(DelegatingMethodAccessorImpl.java:43)
	at java.lang.reflect.Method.invoke(Method.java:483)
	at org.infinispan.notifications.impl.AbstractListenerImpl$ListenerInvocationImpl$1.run(AbstractListenerImpl.java:281)
	at java.util.concurrent.ThreadPoolExecutor.runWorker(ThreadPoolExecutor.java:1142)
	at java.util.concurrent.ThreadPoolExecutor$Worker.run(ThreadPoolExecutor.java:617)
	at java.lang.Thread.run(Thread.java:745)
INFO Thread-18 eu.leads.crawler.PersistentCrawler - Crawled: http://www.bbc.co.uk/cymru/
WARN notification-thread--p2-t1 org.infinispan.notifications.cachelistener.CacheNotifierImpl - ISPN000134: Unable to invoke method public void eu.leads.processor.plugins.SimplePluginRunner.entryCreated(org.infinispan.notifications.cachelistener.event.CacheEntryCreatedEvent) on Object instance eu.leads.processor.plugins.SimplePluginRunner@27f0da6c - removing this target object from list of listeners!
java.util.ConcurrentModificationException
	at java.util.LinkedHashMap$LinkedHashIterator.nextNode(LinkedHashMap.java:711)
	at java.util.LinkedHashMap$LinkedKeyIterator.next(LinkedHashMap.java:734)
	at eu.leads.processor.core.Tuple.keepOnly(Tuple.java:73)
	at eu.leads.processor.plugins.transform.TransformPlugin.processTuple(TransformPlugin.java:61)
	at eu.leads.processor.plugins.transform.TransformPlugin.created(TransformPlugin.java:68)
	at eu.leads.processor.plugins.SimplePluginRunner.entryCreated(SimplePluginRunner.java:79)
	at sun.reflect.NativeMethodAccessorImpl.invoke0(Native Method)
	at sun.reflect.NativeMethodAccessorImpl.invoke(NativeMethodAccessorImpl.java:62)
	at sun.reflect.DelegatingMethodAccessorImpl.invoke(DelegatingMethodAccessorImpl.java:43)
	at java.lang.reflect.Method.invoke(Method.java:483)
	at org.infinispan.notifications.impl.AbstractListenerImpl$ListenerInvocationImpl$1.run(AbstractListenerImpl.java:281)
	at java.util.concurrent.ThreadPoolExecutor.runWorker(ThreadPoolExecutor.java:1142)
	at java.util.concurrent.ThreadPoolExecutor$Worker.run(ThreadPoolExecutor.java:617)
	at java.lang.Thread.run(Thread.java:745)
WARN notification-thread--p2-t1 org.infinispan.notifications.cachelistener.CacheNotifierImpl - ISPN000134: Unable to invoke method public void eu.leads.processor.plugins.SimplePluginRunner.entryCreated(org.infinispan.notifications.cachelistener.event.CacheEntryCreatedEvent) on Object instance eu.leads.processor.plugins.SimplePluginRunner@714d2b59 - removing this target object from list of listeners!
java.util.ConcurrentModificationException
	at java.util.LinkedHashMap$LinkedHashIterator.nextNode(LinkedHashMap.java:711)
	at java.util.LinkedHashMap$LinkedKeyIterator.next(LinkedHashMap.java:734)
	at eu.leads.processor.core.Tuple.keepOnly(Tuple.java:73)
	at eu.leads.processor.plugins.transform.TransformPlugin.processTuple(TransformPlugin.java:61)
	at eu.leads.processor.plugins.transform.TransformPlugin.created(TransformPlugin.java:68)
	at eu.leads.processor.plugins.SimplePluginRunner.entryCreated(SimplePluginRunner.java:79)
	at sun.reflect.NativeMethodAccessorImpl.invoke0(Native Method)
	at sun.reflect.NativeMethodAccessorImpl.invoke(NativeMethodAccessorImpl.java:62)
	at sun.reflect.DelegatingMethodAccessorImpl.invoke(DelegatingMethodAccessorImpl.java:43)
	at java.lang.reflect.Method.invoke(Method.java:483)
	at org.infinispan.notifications.impl.AbstractListenerImpl$ListenerInvocationImpl$1.run(AbstractListenerImpl.java:281)
	at java.util.concurrent.ThreadPoolExecutor.runWorker(ThreadPoolExecutor.java:1142)
	at java.util.concurrent.ThreadPoolExecutor$Worker.run(ThreadPoolExecutor.java:617)
	at java.lang.Thread.run(Thread.java:745)
INFO Thread-18 eu.leads.crawler.PersistentCrawler - Crawled: http://www.bbc.co.uk/
INFO Thread-18 eu.leads.crawler.PersistentCrawler - Crawled: http://www.bbc.co.uk
INFO Thread-18 eu.leads.crawler.PersistentCrawler - Crawled: http://www.bbc.co.uk/accessibility/
WARN notification-thread--p2-t1 org.infinispan.notifications.cachelistener.CacheNotifierImpl - ISPN000134: Unable to invoke method public void eu.leads.processor.plugins.SimplePluginRunner.entryCreated(org.infinispan.notifications.cachelistener.event.CacheEntryCreatedEvent) on Object instance eu.leads.processor.plugins.SimplePluginRunner@27f0da6c - removing this target object from list of listeners!
java.util.ConcurrentModificationException
	at java.util.LinkedHashMap$LinkedHashIterator.nextNode(LinkedHashMap.java:711)
	at java.util.LinkedHashMap$LinkedKeyIterator.next(LinkedHashMap.java:734)
	at eu.leads.processor.core.Tuple.keepOnly(Tuple.java:73)
	at eu.leads.processor.plugins.transform.TransformPlugin.processTuple(TransformPlugin.java:61)
	at eu.leads.processor.plugins.transform.TransformPlugin.created(TransformPlugin.java:68)
	at eu.leads.processor.plugins.SimplePluginRunner.entryCreated(SimplePluginRunner.java:79)
	at sun.reflect.GeneratedMethodAccessor20.invoke(Unknown Source)
	at sun.reflect.DelegatingMethodAccessorImpl.invoke(DelegatingMethodAccessorImpl.java:43)
	at java.lang.reflect.Method.invoke(Method.java:483)
	at org.infinispan.notifications.impl.AbstractListenerImpl$ListenerInvocationImpl$1.run(AbstractListenerImpl.java:281)
	at java.util.concurrent.ThreadPoolExecutor.runWorker(ThreadPoolExecutor.java:1142)
	at java.util.concurrent.ThreadPoolExecutor$Worker.run(ThreadPoolExecutor.java:617)
	at java.lang.Thread.run(Thread.java:745)
WARN notification-thread--p2-t1 org.infinispan.notifications.cachelistener.CacheNotifierImpl - ISPN000134: Unable to invoke method public void eu.leads.processor.plugins.SimplePluginRunner.entryCreated(org.infinispan.notifications.cachelistener.event.CacheEntryCreatedEvent) on Object instance eu.leads.processor.plugins.SimplePluginRunner@714d2b59 - removing this target object from list of listeners!
java.util.ConcurrentModificationException
	at java.util.LinkedHashMap$LinkedHashIterator.nextNode(LinkedHashMap.java:711)
	at java.util.LinkedHashMap$LinkedKeyIterator.next(LinkedHashMap.java:734)
	at eu.leads.processor.core.Tuple.keepOnly(Tuple.java:73)
	at eu.leads.processor.plugins.transform.TransformPlugin.processTuple(TransformPlugin.java:61)
	at eu.leads.processor.plugins.transform.TransformPlugin.created(TransformPlugin.java:68)
	at eu.leads.processor.plugins.SimplePluginRunner.entryCreated(SimplePluginRunner.java:79)
	at sun.reflect.GeneratedMethodAccessor20.invoke(Unknown Source)
	at sun.reflect.DelegatingMethodAccessorImpl.invoke(DelegatingMethodAccessorImpl.java:43)
	at java.lang.reflect.Method.invoke(Method.java:483)
	at org.infinispan.notifications.impl.AbstractListenerImpl$ListenerInvocationImpl$1.run(AbstractListenerImpl.java:281)
	at java.util.concurrent.ThreadPoolExecutor.runWorker(ThreadPoolExecutor.java:1142)
	at java.util.concurrent.ThreadPoolExecutor$Worker.run(ThreadPoolExecutor.java:617)
	at java.lang.Thread.run(Thread.java:745)
INFO Thread-18 eu.leads.crawler.download.DefaultDownloader - http://www.bbc.co.uk/news/ content length exceeded limit, stopping downloading
INFO Thread-18 eu.leads.crawler.download.DefaultDownloader - Request to http://www.bbc.co.uk/news/ violates this downloader constraints
INFO Thread-18 eu.leads.crawler.PersistentCrawler - Crawled: http://www.bbc.co.uk/weather/
WARN notification-thread--p2-t1 org.infinispan.notifications.cachelistener.CacheNotifierImpl - ISPN000134: Unable to invoke method public void eu.leads.processor.plugins.SimplePluginRunner.entryCreated(org.infinispan.notifications.cachelistener.event.CacheEntryCreatedEvent) on Object instance eu.leads.processor.plugins.SimplePluginRunner@27f0da6c - removing this target object from list of listeners!
java.util.ConcurrentModificationException
	at java.util.LinkedHashMap$LinkedHashIterator.nextNode(LinkedHashMap.java:711)
	at java.util.LinkedHashMap$LinkedKeyIterator.next(LinkedHashMap.java:734)
	at eu.leads.processor.core.Tuple.keepOnly(Tuple.java:73)
	at eu.leads.processor.plugins.transform.TransformPlugin.processTuple(TransformPlugin.java:61)
	at eu.leads.processor.plugins.transform.TransformPlugin.created(TransformPlugin.java:68)
	at eu.leads.processor.plugins.SimplePluginRunner.entryCreated(SimplePluginRunner.java:79)
	at sun.reflect.GeneratedMethodAccessor20.invoke(Unknown Source)
	at sun.reflect.DelegatingMethodAccessorImpl.invoke(DelegatingMethodAccessorImpl.java:43)
	at java.lang.reflect.Method.invoke(Method.java:483)
	at org.infinispan.notifications.impl.AbstractListenerImpl$ListenerInvocationImpl$1.run(AbstractListenerImpl.java:281)
	at java.util.concurrent.ThreadPoolExecutor.runWorker(ThreadPoolExecutor.java:1142)
	at java.util.concurrent.ThreadPoolExecutor$Worker.run(ThreadPoolExecutor.java:617)
	at java.lang.Thread.run(Thread.java:745)
WARN notification-thread--p2-t1 org.infinispan.notifications.cachelistener.CacheNotifierImpl - ISPN000134: Unable to invoke method public void eu.leads.processor.plugins.SimplePluginRunner.entryCreated(org.infinispan.notifications.cachelistener.event.CacheEntryCreatedEvent) on Object instance eu.leads.processor.plugins.SimplePluginRunner@714d2b59 - removing this target object from list of listeners!
java.util.ConcurrentModificationException
	at java.util.LinkedHashMap$LinkedHashIterator.nextNode(LinkedHashMap.java:711)
	at java.util.LinkedHashMap$LinkedKeyIterator.next(LinkedHashMap.java:734)
	at eu.leads.processor.core.Tuple.keepOnly(Tuple.java:73)
	at eu.leads.processor.plugins.transform.TransformPlugin.processTuple(TransformPlugin.java:61)
	at eu.leads.processor.plugins.transform.TransformPlugin.created(TransformPlugin.java:68)
	at eu.leads.processor.plugins.SimplePluginRunner.entryCreated(SimplePluginRunner.java:79)
	at sun.reflect.GeneratedMethodAccessor20.invoke(Unknown Source)
	at sun.reflect.DelegatingMethodAccessorImpl.invoke(DelegatingMethodAccessorImpl.java:43)
	at java.lang.reflect.Method.invoke(Method.java:483)
	at org.infinispan.notifications.impl.AbstractListenerImpl$ListenerInvocationImpl$1.run(AbstractListenerImpl.java:281)
	at java.util.concurrent.ThreadPoolExecutor.runWorker(ThreadPoolExecutor.java:1142)
	at java.util.concurrent.ThreadPoolExecutor$Worker.run(ThreadPoolExecutor.java:617)
	at java.lang.Thread.run(Thread.java:745)
INFO Thread-18 eu.leads.crawler.PersistentCrawler - Crawled: http://www.bbc.co.uk/cbbc/
WARN notification-thread--p2-t1 org.infinispan.notifications.cachelistener.CacheNotifierImpl - ISPN000134: Unable to invoke method public void eu.leads.processor.plugins.SimplePluginRunner.entryCreated(org.infinispan.notifications.cachelistener.event.CacheEntryCreatedEvent) on Object instance eu.leads.processor.plugins.SimplePluginRunner@27f0da6c - removing this target object from list of listeners!
java.util.ConcurrentModificationException
	at java.util.LinkedHashMap$LinkedHashIterator.nextNode(LinkedHashMap.java:711)
	at java.util.LinkedHashMap$LinkedKeyIterator.next(LinkedHashMap.java:734)
	at eu.leads.processor.core.Tuple.keepOnly(Tuple.java:73)
	at eu.leads.processor.plugins.transform.TransformPlugin.processTuple(TransformPlugin.java:61)
	at eu.leads.processor.plugins.transform.TransformPlugin.created(TransformPlugin.java:68)
	at eu.leads.processor.plugins.SimplePluginRunner.entryCreated(SimplePluginRunner.java:79)
	at sun.reflect.GeneratedMethodAccessor20.invoke(Unknown Source)
	at sun.reflect.DelegatingMethodAccessorImpl.invoke(DelegatingMethodAccessorImpl.java:43)
	at java.lang.reflect.Method.invoke(Method.java:483)
	at org.infinispan.notifications.impl.AbstractListenerImpl$ListenerInvocationImpl$1.run(AbstractListenerImpl.java:281)
	at java.util.concurrent.ThreadPoolExecutor.runWorker(ThreadPoolExecutor.java:1142)
	at java.util.concurrent.ThreadPoolExecutor$Worker.run(ThreadPoolExecutor.java:617)
	at java.lang.Thread.run(Thread.java:745)
WARN notification-thread--p2-t1 org.infinispan.notifications.cachelistener.CacheNotifierImpl - ISPN000134: Unable to invoke method public void eu.leads.processor.plugins.SimplePluginRunner.entryCreated(org.infinispan.notifications.cachelistener.event.CacheEntryCreatedEvent) on Object instance eu.leads.processor.plugins.SimplePluginRunner@714d2b59 - removing this target object from list of listeners!
java.util.ConcurrentModificationException
	at java.util.LinkedHashMap$LinkedHashIterator.nextNode(LinkedHashMap.java:711)
	at java.util.LinkedHashMap$LinkedKeyIterator.next(LinkedHashMap.java:734)
	at eu.leads.processor.core.Tuple.keepOnly(Tuple.java:73)
	at eu.leads.processor.plugins.transform.TransformPlugin.processTuple(TransformPlugin.java:61)
	at eu.leads.processor.plugins.transform.TransformPlugin.created(TransformPlugin.java:68)
	at eu.leads.processor.plugins.SimplePluginRunner.entryCreated(SimplePluginRunner.java:79)
	at sun.reflect.GeneratedMethodAccessor20.invoke(Unknown Source)
	at sun.reflect.DelegatingMethodAccessorImpl.invoke(DelegatingMethodAccessorImpl.java:43)
	at java.lang.reflect.Method.invoke(Method.java:483)
	at org.infinispan.notifications.impl.AbstractListenerImpl$ListenerInvocationImpl$1.run(AbstractListenerImpl.java:281)
	at java.util.concurrent.ThreadPoolExecutor.runWorker(ThreadPoolExecutor.java:1142)
	at java.util.concurrent.ThreadPoolExecutor$Worker.run(ThreadPoolExecutor.java:617)
	at java.lang.Thread.run(Thread.java:745)
INFO Thread-18 eu.leads.crawler.PersistentCrawler - Crawled: http://www.bbc.co.uk/cbeebies/
INFO main eu.leads.crawler.CrawlerController - Stopping crawling
INFO main eu.leads.crawler.CrawlerController$CrawlerWorker - Thread-18 is joined, waiting until it stops
WARN notification-thread--p2-t1 org.infinispan.notifications.cachelistener.CacheNotifierImpl - ISPN000134: Unable to invoke method public void eu.leads.processor.plugins.SimplePluginRunner.entryCreated(org.infinispan.notifications.cachelistener.event.CacheEntryCreatedEvent) on Object instance eu.leads.processor.plugins.SimplePluginRunner@27f0da6c - removing this target object from list of listeners!
java.util.ConcurrentModificationException
	at java.util.LinkedHashMap$LinkedHashIterator.nextNode(LinkedHashMap.java:711)
	at java.util.LinkedHashMap$LinkedKeyIterator.next(LinkedHashMap.java:734)
	at eu.leads.processor.core.Tuple.keepOnly(Tuple.java:73)
	at eu.leads.processor.plugins.transform.TransformPlugin.processTuple(TransformPlugin.java:61)
	at eu.leads.processor.plugins.transform.TransformPlugin.created(TransformPlugin.java:68)
	at eu.leads.processor.plugins.SimplePluginRunner.entryCreated(SimplePluginRunner.java:79)
	at sun.reflect.GeneratedMethodAccessor20.invoke(Unknown Source)
	at sun.reflect.DelegatingMethodAccessorImpl.invoke(DelegatingMethodAccessorImpl.java:43)
	at java.lang.reflect.Method.invoke(Method.java:483)
	at org.infinispan.notifications.impl.AbstractListenerImpl$ListenerInvocationImpl$1.run(AbstractListenerImpl.java:281)
	at java.util.concurrent.ThreadPoolExecutor.runWorker(ThreadPoolExecutor.java:1142)
	at java.util.concurrent.ThreadPoolExecutor$Worker.run(ThreadPoolExecutor.java:617)
	at java.lang.Thread.run(Thread.java:745)
WARN notification-thread--p2-t1 org.infinispan.notifications.cachelistener.CacheNotifierImpl - ISPN000134: Unable to invoke method public void eu.leads.processor.plugins.SimplePluginRunner.entryCreated(org.infinispan.notifications.cachelistener.event.CacheEntryCreatedEvent) on Object instance eu.leads.processor.plugins.SimplePluginRunner@714d2b59 - removing this target object from list of listeners!
java.util.ConcurrentModificationException
	at java.util.LinkedHashMap$LinkedHashIterator.nextNode(LinkedHashMap.java:711)
	at java.util.LinkedHashMap$LinkedKeyIterator.next(LinkedHashMap.java:734)
	at eu.leads.processor.core.Tuple.keepOnly(Tuple.java:73)
	at eu.leads.processor.plugins.transform.TransformPlugin.processTuple(TransformPlugin.java:61)
	at eu.leads.processor.plugins.transform.TransformPlugin.created(TransformPlugin.java:68)
	at eu.leads.processor.plugins.SimplePluginRunner.entryCreated(SimplePluginRunner.java:79)
	at sun.reflect.GeneratedMethodAccessor20.invoke(Unknown Source)
	at sun.reflect.DelegatingMethodAccessorImpl.invoke(DelegatingMethodAccessorImpl.java:43)
	at java.lang.reflect.Method.invoke(Method.java:483)
	at org.infinispan.notifications.impl.AbstractListenerImpl$ListenerInvocationImpl$1.run(AbstractListenerImpl.java:281)
	at java.util.concurrent.ThreadPoolExecutor.runWorker(ThreadPoolExecutor.java:1142)
	at java.util.concurrent.ThreadPoolExecutor$Worker.run(ThreadPoolExecutor.java:617)
	at java.lang.Thread.run(Thread.java:745)
INFO Thread-18 eu.leads.crawler.CrawlerController$CrawlerWorker - Thread-18 finished its work
INFO main eu.leads.crawler.CrawlerController$CrawlerWorker - Thread-18 is stopped
INFO main eu.leads.processor.common.infinispan.CacheManagerFactory - Starting Clustered Infinispan Manager
INFO main org.infinispan.configuration.parsing.Parser70 - ISPN000293: Ignoring XML attribute START, please remove from configuration file
INFO main org.infinispan.configuration.parsing.Parser70 - ISPN000293: Ignoring XML attribute START, please remove from configuration file
INFO main org.infinispan.configuration.parsing.Parser70 - ISPN000293: Ignoring XML attribute START, please remove from configuration file
INFO main org.infinispan.configuration.parsing.Parser70 - ISPN000293: Ignoring XML attribute START, please remove from configuration file
INFO main org.infinispan.configuration.parsing.Parser70 - ISPN000293: Ignoring XML attribute START, please remove from configuration file
INFO main org.infinispan.configuration.parsing.Parser70 - ISPN000293: Ignoring XML attribute START, please remove from configuration file
INFO main org.infinispan.configuration.parsing.Parser70 - ISPN000293: Ignoring XML attribute START, please remove from configuration file
INFO main org.infinispan.configuration.parsing.Parser70 - ISPN000293: Ignoring XML attribute START, please remove from configuration file
WARN main org.infinispan.configuration.cache.AbstractStoreConfigurationBuilder - ISPN000149: Fetch persistent state and purge on startup are both disabled, cache may contain stale entries on startup
INFO main org.infinispan.configuration.cache.EvictionConfigurationBuilder - ISPN000152: Passivation configured without an eviction policy being selected. Only manually evicted entities will be passivated.
WARN main org.infinispan.configuration.cache.AbstractStoreConfigurationBuilder - ISPN000149: Fetch persistent state and purge on startup are both disabled, cache may contain stale entries on startup
WARN main org.infinispan.configuration.cache.AbstractStoreConfigurationBuilder - ISPN000149: Fetch persistent state and purge on startup are both disabled, cache may contain stale entries on startup
WARN main org.infinispan.configuration.cache.AbstractStoreConfigurationBuilder - ISPN000149: Fetch persistent state and purge on startup are both disabled, cache may contain stale entries on startup
INFO main org.infinispan.configuration.cache.EvictionConfigurationBuilder - ISPN000152: Passivation configured without an eviction policy being selected. Only manually evicted entities will be passivated.
WARN main org.infinispan.configuration.cache.AbstractStoreConfigurationBuilder - ISPN000149: Fetch persistent state and purge on startup are both disabled, cache may contain stale entries on startup
INFO main org.infinispan.configuration.cache.EvictionConfigurationBuilder - ISPN000152: Passivation configured without an eviction policy being selected. Only manually evicted entities will be passivated.
WARN main org.infinispan.configuration.cache.AbstractStoreConfigurationBuilder - ISPN000149: Fetch persistent state and purge on startup are both disabled, cache may contain stale entries on startup
WARN main org.infinispan.configuration.cache.AbstractStoreConfigurationBuilder - ISPN000149: Fetch persistent state and purge on startup are both disabled, cache may contain stale entries on startup
ERROR main eu.leads.processor.common.infinispan.ClusterInfinispanManager - Configuration given for clustered is not clustered so using default cluster configuration
INFO main org.infinispan.remoting.transport.jgroups.JGroupsTransport - ISPN000078: Starting JGroups channel ISPN
WARN main org.jgroups.stack.Configurator - JGRP000014: TP.loopback has been deprecated: enabled by default
WARN main org.jgroups.protocols.MFC - The fragmentation size of the fragmentation protocol is 60000, which is greater than min_credits (40000). This can lead to blockings (https://issues.jboss.org/browse/JGRP-1659)
WARN main org.jgroups.protocols.TCP - JGRP000046: bundler_type=new has been removed; using transfer-queue
INFO main org.infinispan.remoting.transport.jgroups.JGroupsTransport - ISPN000094: Received new cluster view for channel ISPN: [vagvaz-laptop-57288|0] (1) [vagvaz-laptop-57288]
INFO main org.infinispan.remoting.transport.jgroups.JGroupsTransport - ISPN000079: Channel ISPN local address is vagvaz-laptop-57288, physical addresses are [147.27.14.80:46660]
INFO main org.infinispan.factories.GlobalComponentRegistry - ISPN000128: Infinispan version: Infinispan 'Guinness' 7.0.0.Alpha5
WARN pool-4-thread-1 org.infinispan.configuration.cache.AbstractStoreConfigurationBuilder - ISPN000149: Fetch persistent state and purge on startup are both disabled, cache may contain stale entries on startup
INFO main eu.leads.processor.common.infinispan.CacheManagerFactory - Starting Clustered Infinispan Manager
INFO main org.infinispan.configuration.parsing.Parser70 - ISPN000293: Ignoring XML attribute START, please remove from configuration file
INFO main org.infinispan.configuration.parsing.Parser70 - ISPN000293: Ignoring XML attribute START, please remove from configuration file
INFO main org.infinispan.configuration.parsing.Parser70 - ISPN000293: Ignoring XML attribute START, please remove from configuration file
INFO main org.infinispan.configuration.parsing.Parser70 - ISPN000293: Ignoring XML attribute START, please remove from configuration file
INFO main org.infinispan.configuration.parsing.Parser70 - ISPN000293: Ignoring XML attribute START, please remove from configuration file
INFO main org.infinispan.configuration.parsing.Parser70 - ISPN000293: Ignoring XML attribute START, please remove from configuration file
INFO main org.infinispan.configuration.parsing.Parser70 - ISPN000293: Ignoring XML attribute START, please remove from configuration file
INFO main org.infinispan.configuration.parsing.Parser70 - ISPN000293: Ignoring XML attribute START, please remove from configuration file
WARN main org.infinispan.configuration.cache.AbstractStoreConfigurationBuilder - ISPN000149: Fetch persistent state and purge on startup are both disabled, cache may contain stale entries on startup
INFO main org.infinispan.configuration.cache.EvictionConfigurationBuilder - ISPN000152: Passivation configured without an eviction policy being selected. Only manually evicted entities will be passivated.
WARN main org.infinispan.configuration.cache.AbstractStoreConfigurationBuilder - ISPN000149: Fetch persistent state and purge on startup are both disabled, cache may contain stale entries on startup
WARN main org.infinispan.configuration.cache.AbstractStoreConfigurationBuilder - ISPN000149: Fetch persistent state and purge on startup are both disabled, cache may contain stale entries on startup
WARN main org.infinispan.configuration.cache.AbstractStoreConfigurationBuilder - ISPN000149: Fetch persistent state and purge on startup are both disabled, cache may contain stale entries on startup
INFO main org.infinispan.configuration.cache.EvictionConfigurationBuilder - ISPN000152: Passivation configured without an eviction policy being selected. Only manually evicted entities will be passivated.
WARN main org.infinispan.configuration.cache.AbstractStoreConfigurationBuilder - ISPN000149: Fetch persistent state and purge on startup are both disabled, cache may contain stale entries on startup
INFO main org.infinispan.configuration.cache.EvictionConfigurationBuilder - ISPN000152: Passivation configured without an eviction policy being selected. Only manually evicted entities will be passivated.
WARN main org.infinispan.configuration.cache.AbstractStoreConfigurationBuilder - ISPN000149: Fetch persistent state and purge on startup are both disabled, cache may contain stale entries on startup
WARN main org.infinispan.configuration.cache.AbstractStoreConfigurationBuilder - ISPN000149: Fetch persistent state and purge on startup are both disabled, cache may contain stale entries on startup
ERROR main eu.leads.processor.common.infinispan.ClusterInfinispanManager - Configuration given for clustered is not clustered so using default cluster configuration
INFO main org.infinispan.remoting.transport.jgroups.JGroupsTransport - ISPN000078: Starting JGroups channel ISPN
WARN main org.jgroups.stack.Configurator - JGRP000014: TP.loopback has been deprecated: enabled by default
WARN main org.jgroups.protocols.MFC - The fragmentation size of the fragmentation protocol is 60000, which is greater than min_credits (40000). This can lead to blockings (https://issues.jboss.org/browse/JGRP-1659)
WARN main org.jgroups.protocols.TCP - JGRP000046: bundler_type=new has been removed; using transfer-queue
INFO Incoming-1,vagvaz-laptop-57288 org.infinispan.remoting.transport.jgroups.JGroupsTransport - ISPN000094: Received new cluster view for channel ISPN: [vagvaz-laptop-57288|1] (2) [vagvaz-laptop-57288, vagvaz-laptop-14040]
INFO main org.infinispan.remoting.transport.jgroups.JGroupsTransport - ISPN000094: Received new cluster view for channel ISPN: [vagvaz-laptop-57288|1] (2) [vagvaz-laptop-57288, vagvaz-laptop-14040]
INFO main org.infinispan.remoting.transport.jgroups.JGroupsTransport - ISPN000079: Channel ISPN local address is vagvaz-laptop-14040, physical addresses are [147.27.14.80:49170]
WARN pool-8-thread-1 org.infinispan.configuration.cache.AbstractStoreConfigurationBuilder - ISPN000149: Fetch persistent state and purge on startup are both disabled, cache may contain stale entries on startup
ERROR main eu.leads.processor.common.utils.FileLockWrapper - Could not create the directories for the lock of /tmp/leads/processor/tmp/testplugin.jar.lock
ERROR main eu.leads.processor.common.utils.FileLockWrapper - Could not create the directories for the lock of /tmp/leads/processor/tmp/testplugin.jar.lock
ERROR main eu.leads.processor.common.utils.FileLockWrapper - Could not create the directories for the lock of /tmp/leads/processor/tmp/testplugin.xml.lock
ERROR main eu.leads.processor.common.infinispan.ClusterInfinispanManager - Configuration given for mycache is not clustered so using default cluster configuration
WARN pool-9-thread-1 org.infinispan.configuration.cache.AbstractStoreConfigurationBuilder - ISPN000149: Fetch persistent state and purge on startup are both disabled, cache may contain stale entries on startup
ERROR main eu.leads.processor.common.infinispan.ClusterInfinispanManager - Configuration given for processor_plugins: is not clustered so using default cluster configuration
WARN pool-10-thread-1 org.infinispan.configuration.cache.AbstractStoreConfigurationBuilder - ISPN000149: Fetch persistent state and purge on startup are both disabled, cache may contain stale entries on startup
ERROR main eu.leads.processor.common.infinispan.ClusterInfinispanManager - Configuration given for active_plugins_cache: is not clustered so using default cluster configuration
WARN pool-11-thread-1 org.infinispan.configuration.cache.AbstractStoreConfigurationBuilder - ISPN000149: Fetch persistent state and purge on startup are both disabled, cache may contain stale entries on startup
ERROR main eu.leads.processor.common.utils.FileLockWrapper - Could not create the directories for the lock of /tmp/leads/processor/tmp/testplugin.jar.lock
ERROR main eu.leads.processor.common.utils.FileLockWrapper - Could not create the directories for the lock of /tmp/leads/processor/tmp/testplugin.jar.lock
ERROR main eu.leads.processor.common.utils.FileLockWrapper - Could not create the directories for the lock of /tmp/leads/processor/tmp/testplugin.xml.lock
ERROR main eu.leads.processor.common.infinispan.ClusterInfinispanManager - Configuration given for webpages is not clustered so using default cluster configuration
WARN pool-12-thread-1 org.infinispan.configuration.cache.AbstractStoreConfigurationBuilder - ISPN000149: Fetch persistent state and purge on startup are both disabled, cache may contain stale entries on startup
ERROR main eu.leads.processor.conf.LQPConfiguration - File config.propertiesCould not be loaded because it does not exist neither in the working dir nor in conf/
INFO main eu.leads.crawler.PersistentCrawl - Seed : http://www.bbc.co.uk
INFO main eu.leads.crawler.PersistentCrawl - Depth 3
INFO main eu.leads.crawler.PersistentCrawl - Number of crawler threads 1
INFO main eu.leads.crawler.PersistentCrawl - Document earler than 10 day(s)
INFO main eu.leads.crawler.PersistentCrawl - 0
INFO main eu.leads.crawler.CrawlerController - Starting crawling..
INFO main eu.leads.crawler.CrawlerController - Initializing crawler controller
INFO main eu.leads.crawler.CrawlerController - Initializing task queue
INFO main eu.leads.crawler.CrawlerController - Queue is overriden, setting it instead of default inner task queue
INFO main eu.leads.crawler.CrawlerController - Initializing scheduler
INFO main eu.leads.crawler.frontier.DefaultScheduler - Scheduler was successfully initialized and started
INFO main eu.leads.crawler.CrawlerController - Initializing crawler workers
INFO main eu.leads.crawler.CrawlerController$CrawlerWorker - Thread-18 set task queue
INFO main eu.leads.crawler.CrawlerController - Task queue initialized
INFO main eu.leads.crawler.CrawlerController - Crawler controller initialized
INFO main eu.leads.crawler.CrawlerController$CrawlerWorker - Thread-18 is started
INFO Thread-18 eu.leads.crawler.CrawlerController$CrawlerWorker - Thread-18 start do work loop
INFO Thread-18 eu.leads.crawler.PersistentCrawler - Crawled: http://www.bbc.co.uk
INFO Thread-18 eu.leads.crawler.PersistentCrawler - Crawled: http://www.bbc.co.uk/
INFO Thread-18 eu.leads.crawler.PersistentCrawler - Crawled: http://www.bbc.co.uk/alba/
INFO Thread-18 eu.leads.crawler.PersistentCrawler - Crawled: http://www.bbc.co.uk/cymru/
INFO Thread-18 eu.leads.crawler.PersistentCrawler - Crawled: http://www.bbc.co.uk/
INFO Thread-18 eu.leads.crawler.PersistentCrawler - Crawled: http://www.bbc.co.uk
INFO Thread-18 eu.leads.crawler.PersistentCrawler - Crawled: http://www.bbc.co.uk/accessibility/
INFO Thread-18 eu.leads.crawler.download.DefaultDownloader - http://www.bbc.co.uk/news/ content length exceeded limit, stopping downloading
INFO Thread-18 eu.leads.crawler.download.DefaultDownloader - Request to http://www.bbc.co.uk/news/ violates this downloader constraints
INFO Thread-18 eu.leads.crawler.PersistentCrawler - Crawled: http://www.bbc.co.uk/weather/
INFO Thread-18 eu.leads.crawler.PersistentCrawler - Crawled: http://www.bbc.co.uk/cbbc/
INFO main eu.leads.crawler.CrawlerController - Stopping crawling
INFO main eu.leads.crawler.CrawlerController$CrawlerWorker - Thread-18 is joined, waiting until it stops
INFO Thread-18 eu.leads.crawler.PersistentCrawler - Crawled: http://www.bbc.co.uk/cbeebies/
WARN notification-thread--p2-t1 org.infinispan.notifications.cachelistener.CacheNotifierImpl - ISPN000134: Unable to invoke method public void eu.leads.processor.plugins.SimplePluginRunner.entryCreated(org.infinispan.notifications.cachelistener.event.CacheEntryCreatedEvent) on Object instance eu.leads.processor.plugins.SimplePluginRunner@13122814 - removing this target object from list of listeners!
java.util.ConcurrentModificationException
	at java.util.LinkedHashMap$LinkedHashIterator.nextNode(LinkedHashMap.java:711)
	at java.util.LinkedHashMap$LinkedKeyIterator.next(LinkedHashMap.java:734)
	at eu.leads.processor.core.Tuple.keepOnly(Tuple.java:73)
	at eu.leads.processor.plugins.transform.TransformPlugin.processTuple(TransformPlugin.java:61)
	at eu.leads.processor.plugins.transform.TransformPlugin.created(TransformPlugin.java:68)
	at eu.leads.processor.plugins.SimplePluginRunner.entryCreated(SimplePluginRunner.java:79)
	at sun.reflect.GeneratedMethodAccessor20.invoke(Unknown Source)
	at sun.reflect.DelegatingMethodAccessorImpl.invoke(DelegatingMethodAccessorImpl.java:43)
	at java.lang.reflect.Method.invoke(Method.java:483)
	at org.infinispan.notifications.impl.AbstractListenerImpl$ListenerInvocationImpl$1.run(AbstractListenerImpl.java:281)
	at java.util.concurrent.ThreadPoolExecutor.runWorker(ThreadPoolExecutor.java:1142)
	at java.util.concurrent.ThreadPoolExecutor$Worker.run(ThreadPoolExecutor.java:617)
	at java.lang.Thread.run(Thread.java:745)
WARN notification-thread--p2-t1 org.infinispan.notifications.cachelistener.CacheNotifierImpl - ISPN000134: Unable to invoke method public void eu.leads.processor.plugins.SimplePluginRunner.entryCreated(org.infinispan.notifications.cachelistener.event.CacheEntryCreatedEvent) on Object instance eu.leads.processor.plugins.SimplePluginRunner@42127c22 - removing this target object from list of listeners!
java.util.ConcurrentModificationException
	at java.util.LinkedHashMap$LinkedHashIterator.nextNode(LinkedHashMap.java:711)
	at java.util.LinkedHashMap$LinkedKeyIterator.next(LinkedHashMap.java:734)
	at eu.leads.processor.core.Tuple.keepOnly(Tuple.java:73)
	at eu.leads.processor.plugins.transform.TransformPlugin.processTuple(TransformPlugin.java:61)
	at eu.leads.processor.plugins.transform.TransformPlugin.created(TransformPlugin.java:68)
	at eu.leads.processor.plugins.SimplePluginRunner.entryCreated(SimplePluginRunner.java:79)
	at sun.reflect.GeneratedMethodAccessor20.invoke(Unknown Source)
	at sun.reflect.DelegatingMethodAccessorImpl.invoke(DelegatingMethodAccessorImpl.java:43)
	at java.lang.reflect.Method.invoke(Method.java:483)
	at org.infinispan.notifications.impl.AbstractListenerImpl$ListenerInvocationImpl$1.run(AbstractListenerImpl.java:281)
	at java.util.concurrent.ThreadPoolExecutor.runWorker(ThreadPoolExecutor.java:1142)
	at java.util.concurrent.ThreadPoolExecutor$Worker.run(ThreadPoolExecutor.java:617)
	at java.lang.Thread.run(Thread.java:745)
INFO Thread-18 eu.leads.crawler.CrawlerController$CrawlerWorker - Thread-18 finished its work
INFO main eu.leads.crawler.CrawlerController$CrawlerWorker - Thread-18 is stopped
INFO main eu.leads.processor.common.infinispan.CacheManagerFactory - Starting Clustered Infinispan Manager
INFO main org.infinispan.configuration.parsing.Parser70 - ISPN000293: Ignoring XML attribute START, please remove from configuration file
INFO main org.infinispan.configuration.parsing.Parser70 - ISPN000293: Ignoring XML attribute START, please remove from configuration file
INFO main org.infinispan.configuration.parsing.Parser70 - ISPN000293: Ignoring XML attribute START, please remove from configuration file
INFO main org.infinispan.configuration.parsing.Parser70 - ISPN000293: Ignoring XML attribute START, please remove from configuration file
INFO main org.infinispan.configuration.parsing.Parser70 - ISPN000293: Ignoring XML attribute START, please remove from configuration file
INFO main org.infinispan.configuration.parsing.Parser70 - ISPN000293: Ignoring XML attribute START, please remove from configuration file
INFO main org.infinispan.configuration.parsing.Parser70 - ISPN000293: Ignoring XML attribute START, please remove from configuration file
INFO main org.infinispan.configuration.parsing.Parser70 - ISPN000293: Ignoring XML attribute START, please remove from configuration file
WARN main org.infinispan.configuration.cache.AbstractStoreConfigurationBuilder - ISPN000149: Fetch persistent state and purge on startup are both disabled, cache may contain stale entries on startup
INFO main org.infinispan.configuration.cache.EvictionConfigurationBuilder - ISPN000152: Passivation configured without an eviction policy being selected. Only manually evicted entities will be passivated.
WARN main org.infinispan.configuration.cache.AbstractStoreConfigurationBuilder - ISPN000149: Fetch persistent state and purge on startup are both disabled, cache may contain stale entries on startup
WARN main org.infinispan.configuration.cache.AbstractStoreConfigurationBuilder - ISPN000149: Fetch persistent state and purge on startup are both disabled, cache may contain stale entries on startup
WARN main org.infinispan.configuration.cache.AbstractStoreConfigurationBuilder - ISPN000149: Fetch persistent state and purge on startup are both disabled, cache may contain stale entries on startup
INFO main org.infinispan.configuration.cache.EvictionConfigurationBuilder - ISPN000152: Passivation configured without an eviction policy being selected. Only manually evicted entities will be passivated.
WARN main org.infinispan.configuration.cache.AbstractStoreConfigurationBuilder - ISPN000149: Fetch persistent state and purge on startup are both disabled, cache may contain stale entries on startup
INFO main org.infinispan.configuration.cache.EvictionConfigurationBuilder - ISPN000152: Passivation configured without an eviction policy being selected. Only manually evicted entities will be passivated.
WARN main org.infinispan.configuration.cache.AbstractStoreConfigurationBuilder - ISPN000149: Fetch persistent state and purge on startup are both disabled, cache may contain stale entries on startup
WARN main org.infinispan.configuration.cache.AbstractStoreConfigurationBuilder - ISPN000149: Fetch persistent state and purge on startup are both disabled, cache may contain stale entries on startup
ERROR main eu.leads.processor.common.infinispan.ClusterInfinispanManager - Configuration given for clustered is not clustered so using default cluster configuration
INFO main org.infinispan.remoting.transport.jgroups.JGroupsTransport - ISPN000078: Starting JGroups channel ISPN
WARN main org.jgroups.stack.Configurator - JGRP000014: TP.loopback has been deprecated: enabled by default
WARN main org.jgroups.protocols.MFC - The fragmentation size of the fragmentation protocol is 60000, which is greater than min_credits (40000). This can lead to blockings (https://issues.jboss.org/browse/JGRP-1659)
WARN main org.jgroups.protocols.TCP - JGRP000046: bundler_type=new has been removed; using transfer-queue
INFO main org.infinispan.remoting.transport.jgroups.JGroupsTransport - ISPN000094: Received new cluster view for channel ISPN: [vagvaz-laptop-13586|0] (1) [vagvaz-laptop-13586]
INFO main org.infinispan.remoting.transport.jgroups.JGroupsTransport - ISPN000079: Channel ISPN local address is vagvaz-laptop-13586, physical addresses are [147.27.14.80:47111]
INFO main org.infinispan.factories.GlobalComponentRegistry - ISPN000128: Infinispan version: Infinispan 'Guinness' 7.0.0.Alpha5
WARN pool-4-thread-1 org.infinispan.configuration.cache.AbstractStoreConfigurationBuilder - ISPN000149: Fetch persistent state and purge on startup are both disabled, cache may contain stale entries on startup
INFO main eu.leads.processor.common.infinispan.CacheManagerFactory - Starting Clustered Infinispan Manager
INFO main org.infinispan.configuration.parsing.Parser70 - ISPN000293: Ignoring XML attribute START, please remove from configuration file
INFO main org.infinispan.configuration.parsing.Parser70 - ISPN000293: Ignoring XML attribute START, please remove from configuration file
INFO main org.infinispan.configuration.parsing.Parser70 - ISPN000293: Ignoring XML attribute START, please remove from configuration file
INFO main org.infinispan.configuration.parsing.Parser70 - ISPN000293: Ignoring XML attribute START, please remove from configuration file
INFO main org.infinispan.configuration.parsing.Parser70 - ISPN000293: Ignoring XML attribute START, please remove from configuration file
INFO main org.infinispan.configuration.parsing.Parser70 - ISPN000293: Ignoring XML attribute START, please remove from configuration file
INFO main org.infinispan.configuration.parsing.Parser70 - ISPN000293: Ignoring XML attribute START, please remove from configuration file
INFO main org.infinispan.configuration.parsing.Parser70 - ISPN000293: Ignoring XML attribute START, please remove from configuration file
WARN main org.infinispan.configuration.cache.AbstractStoreConfigurationBuilder - ISPN000149: Fetch persistent state and purge on startup are both disabled, cache may contain stale entries on startup
INFO main org.infinispan.configuration.cache.EvictionConfigurationBuilder - ISPN000152: Passivation configured without an eviction policy being selected. Only manually evicted entities will be passivated.
WARN main org.infinispan.configuration.cache.AbstractStoreConfigurationBuilder - ISPN000149: Fetch persistent state and purge on startup are both disabled, cache may contain stale entries on startup
WARN main org.infinispan.configuration.cache.AbstractStoreConfigurationBuilder - ISPN000149: Fetch persistent state and purge on startup are both disabled, cache may contain stale entries on startup
WARN main org.infinispan.configuration.cache.AbstractStoreConfigurationBuilder - ISPN000149: Fetch persistent state and purge on startup are both disabled, cache may contain stale entries on startup
INFO main org.infinispan.configuration.cache.EvictionConfigurationBuilder - ISPN000152: Passivation configured without an eviction policy being selected. Only manually evicted entities will be passivated.
WARN main org.infinispan.configuration.cache.AbstractStoreConfigurationBuilder - ISPN000149: Fetch persistent state and purge on startup are both disabled, cache may contain stale entries on startup
INFO main org.infinispan.configuration.cache.EvictionConfigurationBuilder - ISPN000152: Passivation configured without an eviction policy being selected. Only manually evicted entities will be passivated.
WARN main org.infinispan.configuration.cache.AbstractStoreConfigurationBuilder - ISPN000149: Fetch persistent state and purge on startup are both disabled, cache may contain stale entries on startup
WARN main org.infinispan.configuration.cache.AbstractStoreConfigurationBuilder - ISPN000149: Fetch persistent state and purge on startup are both disabled, cache may contain stale entries on startup
ERROR main eu.leads.processor.common.infinispan.ClusterInfinispanManager - Configuration given for clustered is not clustered so using default cluster configuration
INFO main org.infinispan.remoting.transport.jgroups.JGroupsTransport - ISPN000078: Starting JGroups channel ISPN
WARN main org.jgroups.stack.Configurator - JGRP000014: TP.loopback has been deprecated: enabled by default
WARN main org.jgroups.protocols.MFC - The fragmentation size of the fragmentation protocol is 60000, which is greater than min_credits (40000). This can lead to blockings (https://issues.jboss.org/browse/JGRP-1659)
WARN main org.jgroups.protocols.TCP - JGRP000046: bundler_type=new has been removed; using transfer-queue
INFO Incoming-1,vagvaz-laptop-13586 org.infinispan.remoting.transport.jgroups.JGroupsTransport - ISPN000094: Received new cluster view for channel ISPN: [vagvaz-laptop-13586|1] (2) [vagvaz-laptop-13586, vagvaz-laptop-26005]
INFO main org.infinispan.remoting.transport.jgroups.JGroupsTransport - ISPN000094: Received new cluster view for channel ISPN: [vagvaz-laptop-13586|1] (2) [vagvaz-laptop-13586, vagvaz-laptop-26005]
INFO main org.infinispan.remoting.transport.jgroups.JGroupsTransport - ISPN000079: Channel ISPN local address is vagvaz-laptop-26005, physical addresses are [147.27.14.80:48669]
WARN pool-8-thread-1 org.infinispan.configuration.cache.AbstractStoreConfigurationBuilder - ISPN000149: Fetch persistent state and purge on startup are both disabled, cache may contain stale entries on startup
ERROR main eu.leads.processor.common.utils.FileLockWrapper - Could not create the directories for the lock of /tmp/leads/processor/tmp/testplugin.jar.lock
ERROR main eu.leads.processor.common.utils.FileLockWrapper - Could not create the directories for the lock of /tmp/leads/processor/tmp/testplugin.jar.lock
ERROR main eu.leads.processor.common.utils.FileLockWrapper - Could not create the directories for the lock of /tmp/leads/processor/tmp/testplugin.xml.lock
ERROR main eu.leads.processor.common.infinispan.ClusterInfinispanManager - Configuration given for mycache is not clustered so using default cluster configuration
WARN pool-9-thread-1 org.infinispan.configuration.cache.AbstractStoreConfigurationBuilder - ISPN000149: Fetch persistent state and purge on startup are both disabled, cache may contain stale entries on startup
ERROR main eu.leads.processor.common.infinispan.ClusterInfinispanManager - Configuration given for processor_plugins: is not clustered so using default cluster configuration
WARN pool-10-thread-1 org.infinispan.configuration.cache.AbstractStoreConfigurationBuilder - ISPN000149: Fetch persistent state and purge on startup are both disabled, cache may contain stale entries on startup
ERROR main eu.leads.processor.common.infinispan.ClusterInfinispanManager - Configuration given for active_plugins_cache: is not clustered so using default cluster configuration
WARN pool-11-thread-1 org.infinispan.configuration.cache.AbstractStoreConfigurationBuilder - ISPN000149: Fetch persistent state and purge on startup are both disabled, cache may contain stale entries on startup
ERROR main eu.leads.processor.common.utils.FileLockWrapper - Could not create the directories for the lock of /tmp/leads/processor/tmp/testplugin.jar.lock
ERROR main eu.leads.processor.common.utils.FileLockWrapper - Could not create the directories for the lock of /tmp/leads/processor/tmp/testplugin.jar.lock
ERROR main eu.leads.processor.common.utils.FileLockWrapper - Could not create the directories for the lock of /tmp/leads/processor/tmp/testplugin.xml.lock
ERROR main eu.leads.processor.common.infinispan.ClusterInfinispanManager - Configuration given for webpages is not clustered so using default cluster configuration
WARN pool-12-thread-1 org.infinispan.configuration.cache.AbstractStoreConfigurationBuilder - ISPN000149: Fetch persistent state and purge on startup are both disabled, cache may contain stale entries on startup
ERROR main eu.leads.processor.conf.LQPConfiguration - File config.propertiesCould not be loaded because it does not exist neither in the working dir nor in conf/
INFO main eu.leads.crawler.PersistentCrawl - Seed : http://www.bbc.co.uk
INFO main eu.leads.crawler.PersistentCrawl - Depth 3
INFO main eu.leads.crawler.PersistentCrawl - Number of crawler threads 1
INFO main eu.leads.crawler.PersistentCrawl - Document earler than 10 day(s)
INFO main eu.leads.crawler.PersistentCrawl - 0
INFO main eu.leads.crawler.CrawlerController - Starting crawling..
INFO main eu.leads.crawler.CrawlerController - Initializing crawler controller
INFO main eu.leads.crawler.CrawlerController - Initializing task queue
INFO main eu.leads.crawler.CrawlerController - Queue is overriden, setting it instead of default inner task queue
INFO main eu.leads.crawler.CrawlerController - Initializing scheduler
INFO main eu.leads.crawler.frontier.DefaultScheduler - Scheduler was successfully initialized and started
INFO main eu.leads.crawler.CrawlerController - Initializing crawler workers
INFO main eu.leads.crawler.CrawlerController$CrawlerWorker - Thread-18 set task queue
INFO main eu.leads.crawler.CrawlerController - Task queue initialized
INFO main eu.leads.crawler.CrawlerController - Crawler controller initialized
INFO main eu.leads.crawler.CrawlerController$CrawlerWorker - Thread-18 is started
INFO Thread-18 eu.leads.crawler.CrawlerController$CrawlerWorker - Thread-18 start do work loop
INFO Thread-18 eu.leads.crawler.PersistentCrawler - Crawled: http://www.bbc.co.uk
INFO Thread-18 eu.leads.crawler.PersistentCrawler - Crawled: http://www.bbc.co.uk/
INFO Thread-18 eu.leads.crawler.PersistentCrawler - Crawled: http://www.bbc.co.uk/alba/
INFO Thread-18 eu.leads.crawler.PersistentCrawler - Crawled: http://www.bbc.co.uk/cymru/
INFO Thread-18 eu.leads.crawler.PersistentCrawler - Crawled: http://www.bbc.co.uk/
INFO Thread-18 eu.leads.crawler.PersistentCrawler - Crawled: http://www.bbc.co.uk
INFO Thread-18 eu.leads.crawler.PersistentCrawler - Crawled: http://www.bbc.co.uk/accessibility/
INFO Thread-18 eu.leads.crawler.download.DefaultDownloader - http://www.bbc.co.uk/news/ content length exceeded limit, stopping downloading
INFO Thread-18 eu.leads.crawler.download.DefaultDownloader - Request to http://www.bbc.co.uk/news/ violates this downloader constraints
INFO Thread-18 eu.leads.crawler.PersistentCrawler - Crawled: http://www.bbc.co.uk/weather/
INFO Thread-18 eu.leads.crawler.PersistentCrawler - Crawled: http://www.bbc.co.uk/cbbc/
INFO Thread-18 eu.leads.crawler.PersistentCrawler - Crawled: http://www.bbc.co.uk/cbeebies/
INFO main eu.leads.crawler.CrawlerController - Stopping crawling
INFO main eu.leads.crawler.CrawlerController$CrawlerWorker - Thread-18 is joined, waiting until it stops
INFO Thread-18 eu.leads.crawler.CrawlerController$CrawlerWorker - Thread-18 finished its work
INFO main eu.leads.crawler.CrawlerController$CrawlerWorker - Thread-18 is stopped
