ERROR main eu.leads.processor.common.infinispan.ClusterInfinispanManager - Configuration given for clustered is not clustered so using default cluster configuration
INFO main org.infinispan.remoting.transport.jgroups.JGroupsTransport - ISPN000078: Starting JGroups channel ISPN
WARN main org.jgroups.stack.Configurator - JGRP000014: TP.loopback has been deprecated: enabled by default
WARN main org.jgroups.protocols.MFC - The fragmentation size of the fragmentation protocol is 60000, which is greater than min_credits (40000). This can lead to blockings (https://issues.jboss.org/browse/JGRP-1659)
WARN main org.jgroups.protocols.TCP - JGRP000046: bundler_type=new has been removed; using transfer-queue
INFO main org.infinispan.remoting.transport.jgroups.JGroupsTransport - ISPN000094: Received new cluster view for channel ISPN: [leads-ps-46241|0] (1) [leads-ps-46241]
INFO main org.infinispan.remoting.transport.jgroups.JGroupsTransport - ISPN000079: Channel ISPN local address is leads-ps-46241, physical addresses are [10.0.2.15:54869]
INFO main org.infinispan.factories.GlobalComponentRegistry - ISPN000128: Infinispan version: Infinispan 'Guinness' 7.0.0.Alpha5
WARN pool-4-thread-1 org.infinispan.configuration.cache.AbstractStoreConfigurationBuilder - ISPN000149: Fetch persistent state and purge on startup are both disabled, cache may contain stale entries on startup
ERROR main eu.leads.processor.common.utils.FileLockWrapper - Could not create the directories for the lock of /tmp/leads/processor/tmp/testplugin.jar.lock
ERROR main eu.leads.processor.common.utils.FileLockWrapper - Could not create the directories for the lock of /tmp/leads/processor/tmp/testplugin.jar.lock
ERROR main eu.leads.processor.common.utils.FileLockWrapper - Could not create the directories for the lock of /tmp/leads/processor/tmp/testplugin.xml.lock
ERROR main eu.leads.processor.common.infinispan.ClusterInfinispanManager - Configuration given for mycache is not clustered so using default cluster configuration
WARN pool-5-thread-1 org.infinispan.configuration.cache.AbstractStoreConfigurationBuilder - ISPN000149: Fetch persistent state and purge on startup are both disabled, cache may contain stale entries on startup
WARN main com.datastax.driver.core.FrameCompressor - Cannot find Snappy class, you should make sure the Snappy library is in the classpath if you intend to use it. Snappy compression will not be available for the protocol.
WARN main com.datastax.driver.core.FrameCompressor - Cannot find LZ4 class, you should make sure the LZ4 library is in the classpath if you intend to use it. LZ4 compression will not be available for the protocol.
INFO main com.datastax.driver.core.policies.DCAwareRoundRobinPolicy - Using data-center name 'datacenter1' for DCAwareRoundRobinPolicy (if this is incorrect, please provide the correct datacenter name with DCAwareRoundRobinPolicy constructor)
INFO Cassandra Java Driver worker-0 com.datastax.driver.core.Cluster - New Cassandra host /127.0.0.1:9042 added
ERROR main eu.leads.processor.common.infinispan.ClusterInfinispanManager - Configuration given for processor_plugins: is not clustered so using default cluster configuration
WARN pool-15-thread-1 org.infinispan.configuration.cache.AbstractStoreConfigurationBuilder - ISPN000149: Fetch persistent state and purge on startup are both disabled, cache may contain stale entries on startup
ERROR main eu.leads.processor.common.infinispan.ClusterInfinispanManager - Configuration given for active_plugins_cache: is not clustered so using default cluster configuration
WARN pool-16-thread-1 org.infinispan.configuration.cache.AbstractStoreConfigurationBuilder - ISPN000149: Fetch persistent state and purge on startup are both disabled, cache may contain stale entries on startup
ERROR main eu.leads.processor.common.utils.FileLockWrapper - Could not create the directories for the lock of /tmp/leads/processor/tmp/testplugin.jar.lock
ERROR main eu.leads.processor.common.utils.FileLockWrapper - Could not create the directories for the lock of /tmp/leads/processor/tmp/testplugin.jar.lock
ERROR main eu.leads.processor.common.utils.FileLockWrapper - Could not create the directories for the lock of /tmp/leads/processor/tmp/testplugin.xml.lock
ERROR main eu.leads.processor.common.infinispan.ClusterInfinispanManager - Configuration given for webpages is not clustered so using default cluster configuration
WARN pool-18-thread-1 org.infinispan.configuration.cache.AbstractStoreConfigurationBuilder - ISPN000149: Fetch persistent state and purge on startup are both disabled, cache may contain stale entries on startup
ERROR main eu.leads.processor.conf.LQPConfiguration - File config.propertiesCould not be loaded because it does not exist neither in the working dir nor in conf/
INFO main eu.leads.crawler.PersistentCrawl - Seed : http://www.bbc.co.uk
INFO main eu.leads.crawler.PersistentCrawl - Depth 3
INFO main eu.leads.crawler.PersistentCrawl - Number of crawler threads 1
INFO main eu.leads.crawler.PersistentCrawl - Document earler than 10 day(s)
INFO main eu.leads.crawler.PersistentCrawl - 0
INFO main eu.leads.crawler.CrawlerController - Starting crawling..
INFO main eu.leads.crawler.CrawlerController - Initializing crawler controller
INFO main eu.leads.crawler.CrawlerController - Initializing task queue
INFO main eu.leads.crawler.CrawlerController - Queue is overriden, setting it instead of default inner task queue
INFO main eu.leads.crawler.CrawlerController - Initializing scheduler
INFO main eu.leads.crawler.frontier.DefaultScheduler - Scheduler was successfully initialized and started
INFO main eu.leads.crawler.CrawlerController - Initializing crawler workers
INFO main eu.leads.crawler.CrawlerController$CrawlerWorker - Thread-8 set task queue
INFO main eu.leads.crawler.CrawlerController - Task queue initialized
INFO main eu.leads.crawler.CrawlerController - Crawler controller initialized
INFO main eu.leads.crawler.CrawlerController$CrawlerWorker - Thread-8 is started
INFO Thread-8 eu.leads.crawler.CrawlerController$CrawlerWorker - Thread-8 start do work loop
INFO main eu.leads.crawler.CrawlerController - Stopping crawling
INFO main eu.leads.crawler.CrawlerController$CrawlerWorker - Thread-8 is joined, waiting until it stops
INFO Thread-8 eu.leads.crawler.CrawlerController$CrawlerWorker - Thread-8 finished its work
INFO main eu.leads.crawler.CrawlerController$CrawlerWorker - Thread-8 is stopped
