INFO main eu.leads.processor.common.infinispan.CacheManagerFactory - Starting Clustered Infinispan Manager
INFO main org.infinispan.configuration.parsing.Parser70 - ISPN000293: Ignoring XML attribute START, please remove from configuration file
INFO main org.infinispan.configuration.parsing.Parser70 - ISPN000293: Ignoring XML attribute START, please remove from configuration file
INFO main org.infinispan.configuration.parsing.Parser70 - ISPN000293: Ignoring XML attribute START, please remove from configuration file
INFO main org.infinispan.configuration.parsing.Parser70 - ISPN000293: Ignoring XML attribute START, please remove from configuration file
INFO main org.infinispan.configuration.parsing.Parser70 - ISPN000293: Ignoring XML attribute START, please remove from configuration file
INFO main org.infinispan.configuration.parsing.Parser70 - ISPN000293: Ignoring XML attribute START, please remove from configuration file
INFO main org.infinispan.configuration.parsing.Parser70 - ISPN000293: Ignoring XML attribute START, please remove from configuration file
INFO main org.infinispan.configuration.parsing.Parser70 - ISPN000293: Ignoring XML attribute START, please remove from configuration file
WARN main org.infinispan.configuration.cache.AbstractStoreConfigurationBuilder - ISPN000149: Fetch persistent state and purge on startup are both disabled, cache may contain stale entries on startup
INFO main org.infinispan.configuration.cache.EvictionConfigurationBuilder - ISPN000152: Passivation configured without an eviction policy being selected. Only manually evicted entities will be passivated.
WARN main org.infinispan.configuration.cache.AbstractStoreConfigurationBuilder - ISPN000149: Fetch persistent state and purge on startup are both disabled, cache may contain stale entries on startup
WARN main org.infinispan.configuration.cache.AbstractStoreConfigurationBuilder - ISPN000149: Fetch persistent state and purge on startup are both disabled, cache may contain stale entries on startup
WARN main org.infinispan.configuration.cache.AbstractStoreConfigurationBuilder - ISPN000149: Fetch persistent state and purge on startup are both disabled, cache may contain stale entries on startup
INFO main org.infinispan.configuration.cache.EvictionConfigurationBuilder - ISPN000152: Passivation configured without an eviction policy being selected. Only manually evicted entities will be passivated.
WARN main org.infinispan.configuration.cache.AbstractStoreConfigurationBuilder - ISPN000149: Fetch persistent state and purge on startup are both disabled, cache may contain stale entries on startup
INFO main org.infinispan.configuration.cache.EvictionConfigurationBuilder - ISPN000152: Passivation configured without an eviction policy being selected. Only manually evicted entities will be passivated.
WARN main org.infinispan.configuration.cache.AbstractStoreConfigurationBuilder - ISPN000149: Fetch persistent state and purge on startup are both disabled, cache may contain stale entries on startup
WARN main org.infinispan.configuration.cache.AbstractStoreConfigurationBuilder - ISPN000149: Fetch persistent state and purge on startup are both disabled, cache may contain stale entries on startup
ERROR main eu.leads.processor.common.infinispan.ClusterInfinispanManager - Configuration given for clustered is not clustered so using default cluster configuration
INFO main org.infinispan.remoting.transport.jgroups.JGroupsTransport - ISPN000078: Starting JGroups channel ISPN
WARN main org.jgroups.stack.Configurator - JGRP000014: TP.loopback has been deprecated: enabled by default
WARN main org.jgroups.protocols.MFC - The fragmentation size of the fragmentation protocol is 60000, which is greater than min_credits (40000). This can lead to blockings (https://issues.jboss.org/browse/JGRP-1659)
WARN main org.jgroups.protocols.TCP - JGRP000046: bundler_type=new has been removed; using transfer-queue
INFO main org.infinispan.remoting.transport.jgroups.JGroupsTransport - ISPN000094: Received new cluster view for channel ISPN: [vagvaz-laptop-22341|0] (1) [vagvaz-laptop-22341]
INFO main org.infinispan.remoting.transport.jgroups.JGroupsTransport - ISPN000079: Channel ISPN local address is vagvaz-laptop-22341, physical addresses are [147.27.14.80:41439]
INFO main org.infinispan.factories.GlobalComponentRegistry - ISPN000128: Infinispan version: Infinispan 'Guinness' 7.0.0.Alpha5
WARN pool-4-thread-1 org.infinispan.configuration.cache.AbstractStoreConfigurationBuilder - ISPN000149: Fetch persistent state and purge on startup are both disabled, cache may contain stale entries on startup
ERROR main eu.leads.processor.common.utils.FileLockWrapper - Could not create the directories for the lock of /tmp/leads/processor/tmp/testplugin.jar.lock
ERROR main eu.leads.processor.common.utils.FileLockWrapper - Could not create the directories for the lock of /tmp/leads/processor/tmp/testplugin.jar.lock
ERROR main eu.leads.processor.common.utils.FileLockWrapper - Could not create the directories for the lock of /tmp/leads/processor/tmp/testplugin.xml.lock
ERROR main eu.leads.processor.common.infinispan.ClusterInfinispanManager - Configuration given for processor_plugins: is not clustered so using default cluster configuration
WARN pool-5-thread-1 org.infinispan.configuration.cache.AbstractStoreConfigurationBuilder - ISPN000149: Fetch persistent state and purge on startup are both disabled, cache may contain stale entries on startup
ERROR main eu.leads.processor.common.infinispan.ClusterInfinispanManager - Configuration given for active_plugins_cache: is not clustered so using default cluster configuration
WARN pool-6-thread-1 org.infinispan.configuration.cache.AbstractStoreConfigurationBuilder - ISPN000149: Fetch persistent state and purge on startup are both disabled, cache may contain stale entries on startup
ERROR main eu.leads.processor.common.utils.FileLockWrapper - Could not create the directories for the lock of /tmp/leads/processor/tmp/testplugin.jar.lock
ERROR main eu.leads.processor.common.utils.FileLockWrapper - Could not create the directories for the lock of /tmp/leads/processor/tmp/testplugin.jar.lock
ERROR main eu.leads.processor.common.utils.FileLockWrapper - Could not create the directories for the lock of /tmp/leads/processor/tmp/testplugin.xml.lock
ERROR main eu.leads.processor.common.infinispan.ClusterInfinispanManager - Configuration given for webpages is not clustered so using default cluster configuration
WARN pool-7-thread-1 org.infinispan.configuration.cache.AbstractStoreConfigurationBuilder - ISPN000149: Fetch persistent state and purge on startup are both disabled, cache may contain stale entries on startup
ERROR main eu.leads.processor.conf.LQPConfiguration - File config.propertiesCould not be loaded because it does not exist neither in the working dir nor in conf/
INFO main eu.leads.crawler.PersistentCrawl - Seed : http://www.bbc.co.uk
INFO main eu.leads.crawler.PersistentCrawl - Depth 3
INFO main eu.leads.crawler.PersistentCrawl - Number of crawler threads 1
INFO main eu.leads.crawler.PersistentCrawl - Document earler than 10 day(s)
INFO main eu.leads.crawler.PersistentCrawl - 0
INFO main eu.leads.crawler.CrawlerController - Starting crawling..
INFO main eu.leads.crawler.CrawlerController - Initializing crawler controller
INFO main eu.leads.crawler.CrawlerController - Initializing task queue
INFO main eu.leads.crawler.CrawlerController - Queue is overriden, setting it instead of default inner task queue
INFO main eu.leads.crawler.CrawlerController - Initializing scheduler
INFO main eu.leads.crawler.frontier.DefaultScheduler - Scheduler was successfully initialized and started
INFO main eu.leads.crawler.CrawlerController - Initializing crawler workers
INFO main eu.leads.crawler.CrawlerController$CrawlerWorker - Thread-7 set task queue
INFO main eu.leads.crawler.CrawlerController - Task queue initialized
INFO main eu.leads.crawler.CrawlerController - Crawler controller initialized
INFO main eu.leads.crawler.CrawlerController$CrawlerWorker - Thread-7 is started
INFO Thread-7 eu.leads.crawler.CrawlerController$CrawlerWorker - Thread-7 start do work loop
INFO Thread-7 eu.leads.crawler.PersistentCrawler - Crawled: http://www.bbc.co.uk
INFO Thread-7 eu.leads.crawler.PersistentCrawler - Crawled: http://www.bbc.co.uk/
INFO Thread-7 eu.leads.crawler.PersistentCrawler - Crawled: http://www.bbc.co.uk/alba/
INFO Thread-7 eu.leads.crawler.PersistentCrawler - Crawled: http://www.bbc.co.uk/cymru/
INFO Thread-7 eu.leads.crawler.PersistentCrawler - Crawled: http://www.bbc.co.uk/
INFO Thread-7 eu.leads.crawler.PersistentCrawler - Crawled: http://www.bbc.co.uk
INFO Thread-7 eu.leads.crawler.PersistentCrawler - Crawled: http://www.bbc.co.uk/accessibility/
INFO Thread-7 eu.leads.crawler.download.DefaultDownloader - http://www.bbc.co.uk/news/ content length exceeded limit, stopping downloading
INFO Thread-7 eu.leads.crawler.download.DefaultDownloader - Request to http://www.bbc.co.uk/news/ violates this downloader constraints
INFO Thread-7 eu.leads.crawler.PersistentCrawler - Crawled: http://www.bbc.co.uk/weather/
INFO Thread-7 eu.leads.crawler.PersistentCrawler - Crawled: http://www.bbc.co.uk/cbbc/
INFO Thread-7 eu.leads.crawler.PersistentCrawler - Crawled: http://www.bbc.co.uk/cbeebies/
INFO Thread-7 eu.leads.crawler.PersistentCrawler - Crawled: http://www.bbc.co.uk/ww1/
INFO Thread-7 eu.leads.crawler.PersistentCrawler - Crawled: http://www.bbc.co.uk/food/
INFO Thread-7 eu.leads.crawler.PersistentCrawler - Crawled: http://www.bbc.co.uk/learning/
INFO Thread-7 eu.leads.crawler.PersistentCrawler - Crawled: http://www.bbc.co.uk/nature/
INFO Thread-7 eu.leads.crawler.PersistentCrawler - Crawled: http://www.bbc.co.uk/a-z/
INFO Thread-7 eu.leads.crawler.PersistentCrawler - Crawled: http://www.bbc.co.uk
INFO Thread-7 eu.leads.crawler.PersistentCrawler - Crawled: http://www.bbc.co.uk/privacy/cookies/managing/cookie-settings.html
INFO Thread-7 eu.leads.crawler.PersistentCrawler - Crawled: http://www.bbc.co.uk/locator/default/desktop/en-GB?ptrt=%2F
INFO Thread-7 eu.leads.crawler.PersistentCrawler - Crawled: http://www.bbc.co.uk
INFO Thread-7 eu.leads.crawler.download.DefaultDownloader - http://www.bbc.co.uk/weather/2643743?day=0 content length exceeded limit, stopping downloading
INFO Thread-7 eu.leads.crawler.download.DefaultDownloader - Request to http://www.bbc.co.uk/weather/2643743?day=0 violates this downloader constraints
INFO Thread-7 eu.leads.crawler.download.DefaultDownloader - http://www.bbc.co.uk/weather/2643743?day=1 content length exceeded limit, stopping downloading
INFO Thread-7 eu.leads.crawler.download.DefaultDownloader - Request to http://www.bbc.co.uk/weather/2643743?day=1 violates this downloader constraints
INFO Thread-7 eu.leads.crawler.download.DefaultDownloader - http://www.bbc.co.uk/weather/2643743?day=2 content length exceeded limit, stopping downloading
INFO Thread-7 eu.leads.crawler.download.DefaultDownloader - Request to http://www.bbc.co.uk/weather/2643743?day=2 violates this downloader constraints
INFO Thread-7 eu.leads.crawler.download.DefaultDownloader - http://www.bbc.co.uk/weather/2643743 content length exceeded limit, stopping downloading
INFO Thread-7 eu.leads.crawler.download.DefaultDownloader - Request to http://www.bbc.co.uk/weather/2643743 violates this downloader constraints
INFO Thread-7 eu.leads.crawler.PersistentCrawler - Crawled: http://www.bbc.co.uk/news/world-asia-29608179
INFO Thread-7 eu.leads.crawler.PersistentCrawler - Crawled: http://www.bbc.co.uk/news/world-europe-27799294
INFO Thread-7 eu.leads.crawler.PersistentCrawler - Crawled: http://www.bbc.co.uk/news/uk-england-devon-12281316
INFO main eu.leads.crawler.CrawlerController - Stopping crawling
INFO main eu.leads.crawler.CrawlerController$CrawlerWorker - Thread-7 is joined, waiting until it stops
INFO Thread-7 eu.leads.crawler.PersistentCrawler - Crawled: http://www.bbc.co.uk/programmes/b04lcxms
INFO Thread-7 eu.leads.crawler.CrawlerController$CrawlerWorker - Thread-7 finished its work
INFO main eu.leads.crawler.CrawlerController$CrawlerWorker - Thread-7 is stopped
INFO main eu.leads.processor.common.infinispan.CacheManagerFactory - Starting Clustered Infinispan Manager
INFO main org.infinispan.configuration.parsing.Parser70 - ISPN000293: Ignoring XML attribute START, please remove from configuration file
INFO main org.infinispan.configuration.parsing.Parser70 - ISPN000293: Ignoring XML attribute START, please remove from configuration file
INFO main org.infinispan.configuration.parsing.Parser70 - ISPN000293: Ignoring XML attribute START, please remove from configuration file
INFO main org.infinispan.configuration.parsing.Parser70 - ISPN000293: Ignoring XML attribute START, please remove from configuration file
INFO main org.infinispan.configuration.parsing.Parser70 - ISPN000293: Ignoring XML attribute START, please remove from configuration file
INFO main org.infinispan.configuration.parsing.Parser70 - ISPN000293: Ignoring XML attribute START, please remove from configuration file
INFO main org.infinispan.configuration.parsing.Parser70 - ISPN000293: Ignoring XML attribute START, please remove from configuration file
INFO main org.infinispan.configuration.parsing.Parser70 - ISPN000293: Ignoring XML attribute START, please remove from configuration file
WARN main org.infinispan.configuration.cache.AbstractStoreConfigurationBuilder - ISPN000149: Fetch persistent state and purge on startup are both disabled, cache may contain stale entries on startup
INFO main org.infinispan.configuration.cache.EvictionConfigurationBuilder - ISPN000152: Passivation configured without an eviction policy being selected. Only manually evicted entities will be passivated.
WARN main org.infinispan.configuration.cache.AbstractStoreConfigurationBuilder - ISPN000149: Fetch persistent state and purge on startup are both disabled, cache may contain stale entries on startup
WARN main org.infinispan.configuration.cache.AbstractStoreConfigurationBuilder - ISPN000149: Fetch persistent state and purge on startup are both disabled, cache may contain stale entries on startup
WARN main org.infinispan.configuration.cache.AbstractStoreConfigurationBuilder - ISPN000149: Fetch persistent state and purge on startup are both disabled, cache may contain stale entries on startup
INFO main org.infinispan.configuration.cache.EvictionConfigurationBuilder - ISPN000152: Passivation configured without an eviction policy being selected. Only manually evicted entities will be passivated.
WARN main org.infinispan.configuration.cache.AbstractStoreConfigurationBuilder - ISPN000149: Fetch persistent state and purge on startup are both disabled, cache may contain stale entries on startup
INFO main org.infinispan.configuration.cache.EvictionConfigurationBuilder - ISPN000152: Passivation configured without an eviction policy being selected. Only manually evicted entities will be passivated.
WARN main org.infinispan.configuration.cache.AbstractStoreConfigurationBuilder - ISPN000149: Fetch persistent state and purge on startup are both disabled, cache may contain stale entries on startup
WARN main org.infinispan.configuration.cache.AbstractStoreConfigurationBuilder - ISPN000149: Fetch persistent state and purge on startup are both disabled, cache may contain stale entries on startup
ERROR main eu.leads.processor.common.infinispan.ClusterInfinispanManager - Configuration given for clustered is not clustered so using default cluster configuration
INFO main org.infinispan.remoting.transport.jgroups.JGroupsTransport - ISPN000078: Starting JGroups channel ISPN
WARN main org.jgroups.stack.Configurator - JGRP000014: TP.loopback has been deprecated: enabled by default
WARN main org.jgroups.protocols.MFC - The fragmentation size of the fragmentation protocol is 60000, which is greater than min_credits (40000). This can lead to blockings (https://issues.jboss.org/browse/JGRP-1659)
WARN main org.jgroups.protocols.TCP - JGRP000046: bundler_type=new has been removed; using transfer-queue
INFO main org.infinispan.remoting.transport.jgroups.JGroupsTransport - ISPN000094: Received new cluster view for channel ISPN: [integrationtest01-44817|0] (1) [integrationtest01-44817]
INFO main org.infinispan.remoting.transport.jgroups.JGroupsTransport - ISPN000079: Channel ISPN local address is integrationtest01-44817, physical addresses are [10.106.0.29:50063]
INFO main org.infinispan.factories.GlobalComponentRegistry - ISPN000128: Infinispan version: Infinispan 'Guinness' 7.0.0.Alpha5
WARN pool-4-thread-1 org.infinispan.configuration.cache.AbstractStoreConfigurationBuilder - ISPN000149: Fetch persistent state and purge on startup are both disabled, cache may contain stale entries on startup
WARN ReceiverThread org.jgroups.protocols.BPING - d343611c-0a65-65a1-fd8c-e0336a0e0be9: discarding discovery request for cluster 'pawel' from d343611c-0a65-65a1-fd8c-e0336a0e0be9; our cluster name is 'ISPN'. Please separate your clusters properly
WARN ReceiverThread org.jgroups.protocols.BPING - d343611c-0a65-65a1-fd8c-e0336a0e0be9: discarding discovery request for cluster 'pawel' from d343611c-0a65-65a1-fd8c-e0336a0e0be9; our cluster name is 'ISPN'. Please separate your clusters properly
WARN ReceiverThread org.jgroups.protocols.BPING - d343611c-0a65-65a1-fd8c-e0336a0e0be9: discarding discovery request for cluster 'pawel' from d343611c-0a65-65a1-fd8c-e0336a0e0be9; our cluster name is 'ISPN'. Please separate your clusters properly
INFO main eu.leads.processor.common.infinispan.CacheManagerFactory - Starting Clustered Infinispan Manager
INFO main org.infinispan.configuration.parsing.Parser70 - ISPN000293: Ignoring XML attribute START, please remove from configuration file
INFO main org.infinispan.configuration.parsing.Parser70 - ISPN000293: Ignoring XML attribute START, please remove from configuration file
INFO main org.infinispan.configuration.parsing.Parser70 - ISPN000293: Ignoring XML attribute START, please remove from configuration file
INFO main org.infinispan.configuration.parsing.Parser70 - ISPN000293: Ignoring XML attribute START, please remove from configuration file
INFO main org.infinispan.configuration.parsing.Parser70 - ISPN000293: Ignoring XML attribute START, please remove from configuration file
INFO main org.infinispan.configuration.parsing.Parser70 - ISPN000293: Ignoring XML attribute START, please remove from configuration file
INFO main org.infinispan.configuration.parsing.Parser70 - ISPN000293: Ignoring XML attribute START, please remove from configuration file
INFO main org.infinispan.configuration.parsing.Parser70 - ISPN000293: Ignoring XML attribute START, please remove from configuration file
WARN main org.infinispan.configuration.cache.AbstractStoreConfigurationBuilder - ISPN000149: Fetch persistent state and purge on startup are both disabled, cache may contain stale entries on startup
INFO main org.infinispan.configuration.cache.EvictionConfigurationBuilder - ISPN000152: Passivation configured without an eviction policy being selected. Only manually evicted entities will be passivated.
WARN main org.infinispan.configuration.cache.AbstractStoreConfigurationBuilder - ISPN000149: Fetch persistent state and purge on startup are both disabled, cache may contain stale entries on startup
WARN main org.infinispan.configuration.cache.AbstractStoreConfigurationBuilder - ISPN000149: Fetch persistent state and purge on startup are both disabled, cache may contain stale entries on startup
WARN main org.infinispan.configuration.cache.AbstractStoreConfigurationBuilder - ISPN000149: Fetch persistent state and purge on startup are both disabled, cache may contain stale entries on startup
INFO main org.infinispan.configuration.cache.EvictionConfigurationBuilder - ISPN000152: Passivation configured without an eviction policy being selected. Only manually evicted entities will be passivated.
WARN main org.infinispan.configuration.cache.AbstractStoreConfigurationBuilder - ISPN000149: Fetch persistent state and purge on startup are both disabled, cache may contain stale entries on startup
INFO main org.infinispan.configuration.cache.EvictionConfigurationBuilder - ISPN000152: Passivation configured without an eviction policy being selected. Only manually evicted entities will be passivated.
WARN main org.infinispan.configuration.cache.AbstractStoreConfigurationBuilder - ISPN000149: Fetch persistent state and purge on startup are both disabled, cache may contain stale entries on startup
WARN main org.infinispan.configuration.cache.AbstractStoreConfigurationBuilder - ISPN000149: Fetch persistent state and purge on startup are both disabled, cache may contain stale entries on startup
ERROR main eu.leads.processor.common.infinispan.ClusterInfinispanManager - Configuration given for clustered is not clustered so using default cluster configuration
INFO main org.infinispan.remoting.transport.jgroups.JGroupsTransport - ISPN000078: Starting JGroups channel ISPN
WARN main org.jgroups.stack.Configurator - JGRP000014: TP.loopback has been deprecated: enabled by default
WARN main org.jgroups.protocols.MFC - The fragmentation size of the fragmentation protocol is 60000, which is greater than min_credits (40000). This can lead to blockings (https://issues.jboss.org/browse/JGRP-1659)
WARN main org.jgroups.protocols.TCP - JGRP000046: bundler_type=new has been removed; using transfer-queue
INFO main org.infinispan.remoting.transport.jgroups.JGroupsTransport - ISPN000094: Received new cluster view for channel ISPN: [integrationtest01-8681|0] (1) [integrationtest01-8681]
INFO main org.infinispan.remoting.transport.jgroups.JGroupsTransport - ISPN000079: Channel ISPN local address is integrationtest01-8681, physical addresses are [10.106.0.29:56252]
INFO main org.infinispan.factories.GlobalComponentRegistry - ISPN000128: Infinispan version: Infinispan 'Guinness' 7.0.0.Alpha5
WARN pool-4-thread-1 org.infinispan.configuration.cache.AbstractStoreConfigurationBuilder - ISPN000149: Fetch persistent state and purge on startup are both disabled, cache may contain stale entries on startup
WARN ReceiverThread org.jgroups.protocols.BPING - d343611c-0a65-65a1-fd8c-e0336a0e0be9: discarding discovery request for cluster 'pawel' from d343611c-0a65-65a1-fd8c-e0336a0e0be9; our cluster name is 'ISPN'. Please separate your clusters properly
INFO main eu.leads.processor.common.infinispan.CacheManagerFactory - Starting Clustered Infinispan Manager
INFO main org.infinispan.configuration.parsing.Parser70 - ISPN000293: Ignoring XML attribute START, please remove from configuration file
INFO main org.infinispan.configuration.parsing.Parser70 - ISPN000293: Ignoring XML attribute START, please remove from configuration file
INFO main org.infinispan.configuration.parsing.Parser70 - ISPN000293: Ignoring XML attribute START, please remove from configuration file
INFO main org.infinispan.configuration.parsing.Parser70 - ISPN000293: Ignoring XML attribute START, please remove from configuration file
INFO main org.infinispan.configuration.parsing.Parser70 - ISPN000293: Ignoring XML attribute START, please remove from configuration file
INFO main org.infinispan.configuration.parsing.Parser70 - ISPN000293: Ignoring XML attribute START, please remove from configuration file
INFO main org.infinispan.configuration.parsing.Parser70 - ISPN000293: Ignoring XML attribute START, please remove from configuration file
INFO main org.infinispan.configuration.parsing.Parser70 - ISPN000293: Ignoring XML attribute START, please remove from configuration file
WARN main org.infinispan.configuration.cache.AbstractStoreConfigurationBuilder - ISPN000149: Fetch persistent state and purge on startup are both disabled, cache may contain stale entries on startup
INFO main org.infinispan.configuration.cache.EvictionConfigurationBuilder - ISPN000152: Passivation configured without an eviction policy being selected. Only manually evicted entities will be passivated.
WARN main org.infinispan.configuration.cache.AbstractStoreConfigurationBuilder - ISPN000149: Fetch persistent state and purge on startup are both disabled, cache may contain stale entries on startup
WARN main org.infinispan.configuration.cache.AbstractStoreConfigurationBuilder - ISPN000149: Fetch persistent state and purge on startup are both disabled, cache may contain stale entries on startup
WARN main org.infinispan.configuration.cache.AbstractStoreConfigurationBuilder - ISPN000149: Fetch persistent state and purge on startup are both disabled, cache may contain stale entries on startup
INFO main org.infinispan.configuration.cache.EvictionConfigurationBuilder - ISPN000152: Passivation configured without an eviction policy being selected. Only manually evicted entities will be passivated.
WARN main org.infinispan.configuration.cache.AbstractStoreConfigurationBuilder - ISPN000149: Fetch persistent state and purge on startup are both disabled, cache may contain stale entries on startup
INFO main org.infinispan.configuration.cache.EvictionConfigurationBuilder - ISPN000152: Passivation configured without an eviction policy being selected. Only manually evicted entities will be passivated.
WARN main org.infinispan.configuration.cache.AbstractStoreConfigurationBuilder - ISPN000149: Fetch persistent state and purge on startup are both disabled, cache may contain stale entries on startup
WARN main org.infinispan.configuration.cache.AbstractStoreConfigurationBuilder - ISPN000149: Fetch persistent state and purge on startup are both disabled, cache may contain stale entries on startup
ERROR main eu.leads.processor.common.infinispan.ClusterInfinispanManager - Configuration given for clustered is not clustered so using default cluster configuration
INFO main org.infinispan.remoting.transport.jgroups.JGroupsTransport - ISPN000078: Starting JGroups channel ISPN
WARN main org.jgroups.stack.Configurator - JGRP000014: TP.loopback has been deprecated: enabled by default
WARN main org.jgroups.protocols.MFC - The fragmentation size of the fragmentation protocol is 60000, which is greater than min_credits (40000). This can lead to blockings (https://issues.jboss.org/browse/JGRP-1659)
WARN main org.jgroups.protocols.TCP - JGRP000046: bundler_type=new has been removed; using transfer-queue
INFO main org.infinispan.remoting.transport.jgroups.JGroupsTransport - ISPN000094: Received new cluster view for channel ISPN: [integrationtest01-30804|0] (1) [integrationtest01-30804]
INFO main org.infinispan.remoting.transport.jgroups.JGroupsTransport - ISPN000079: Channel ISPN local address is integrationtest01-30804, physical addresses are [10.106.0.29:37507]
INFO main org.infinispan.factories.GlobalComponentRegistry - ISPN000128: Infinispan version: Infinispan 'Guinness' 7.0.0.Alpha5
WARN pool-4-thread-1 org.infinispan.configuration.cache.AbstractStoreConfigurationBuilder - ISPN000149: Fetch persistent state and purge on startup are both disabled, cache may contain stale entries on startup
WARN ReceiverThread org.jgroups.protocols.BPING - d343611c-0a65-65a1-fd8c-e0336a0e0be9: discarding discovery request for cluster 'pawel' from d343611c-0a65-65a1-fd8c-e0336a0e0be9; our cluster name is 'ISPN'. Please separate your clusters properly
WARN ReceiverThread org.jgroups.protocols.BPING - d343611c-0a65-65a1-fd8c-e0336a0e0be9: discarding discovery request for cluster 'pawel' from d343611c-0a65-65a1-fd8c-e0336a0e0be9; our cluster name is 'ISPN'. Please separate your clusters properly
INFO main eu.leads.processor.common.infinispan.CacheManagerFactory - Starting Clustered Infinispan Manager
INFO main org.infinispan.configuration.parsing.Parser70 - ISPN000293: Ignoring XML attribute START, please remove from configuration file
INFO main org.infinispan.configuration.parsing.Parser70 - ISPN000293: Ignoring XML attribute START, please remove from configuration file
INFO main org.infinispan.configuration.parsing.Parser70 - ISPN000293: Ignoring XML attribute START, please remove from configuration file
INFO main org.infinispan.configuration.parsing.Parser70 - ISPN000293: Ignoring XML attribute START, please remove from configuration file
INFO main org.infinispan.configuration.parsing.Parser70 - ISPN000293: Ignoring XML attribute START, please remove from configuration file
INFO main org.infinispan.configuration.parsing.Parser70 - ISPN000293: Ignoring XML attribute START, please remove from configuration file
INFO main org.infinispan.configuration.parsing.Parser70 - ISPN000293: Ignoring XML attribute START, please remove from configuration file
INFO main org.infinispan.configuration.parsing.Parser70 - ISPN000293: Ignoring XML attribute START, please remove from configuration file
WARN main org.infinispan.configuration.cache.AbstractStoreConfigurationBuilder - ISPN000149: Fetch persistent state and purge on startup are both disabled, cache may contain stale entries on startup
INFO main org.infinispan.configuration.cache.EvictionConfigurationBuilder - ISPN000152: Passivation configured without an eviction policy being selected. Only manually evicted entities will be passivated.
WARN main org.infinispan.configuration.cache.AbstractStoreConfigurationBuilder - ISPN000149: Fetch persistent state and purge on startup are both disabled, cache may contain stale entries on startup
WARN main org.infinispan.configuration.cache.AbstractStoreConfigurationBuilder - ISPN000149: Fetch persistent state and purge on startup are both disabled, cache may contain stale entries on startup
WARN main org.infinispan.configuration.cache.AbstractStoreConfigurationBuilder - ISPN000149: Fetch persistent state and purge on startup are both disabled, cache may contain stale entries on startup
INFO main org.infinispan.configuration.cache.EvictionConfigurationBuilder - ISPN000152: Passivation configured without an eviction policy being selected. Only manually evicted entities will be passivated.
WARN main org.infinispan.configuration.cache.AbstractStoreConfigurationBuilder - ISPN000149: Fetch persistent state and purge on startup are both disabled, cache may contain stale entries on startup
INFO main org.infinispan.configuration.cache.EvictionConfigurationBuilder - ISPN000152: Passivation configured without an eviction policy being selected. Only manually evicted entities will be passivated.
WARN main org.infinispan.configuration.cache.AbstractStoreConfigurationBuilder - ISPN000149: Fetch persistent state and purge on startup are both disabled, cache may contain stale entries on startup
WARN main org.infinispan.configuration.cache.AbstractStoreConfigurationBuilder - ISPN000149: Fetch persistent state and purge on startup are both disabled, cache may contain stale entries on startup
ERROR main eu.leads.processor.common.infinispan.ClusterInfinispanManager - Configuration given for clustered is not clustered so using default cluster configuration
INFO main org.infinispan.remoting.transport.jgroups.JGroupsTransport - ISPN000078: Starting JGroups channel ISPN
WARN main org.jgroups.stack.Configurator - JGRP000014: TP.loopback has been deprecated: enabled by default
WARN main org.jgroups.protocols.MFC - The fragmentation size of the fragmentation protocol is 60000, which is greater than min_credits (40000). This can lead to blockings (https://issues.jboss.org/browse/JGRP-1659)
WARN main org.jgroups.protocols.TCP - JGRP000046: bundler_type=new has been removed; using transfer-queue
INFO main org.infinispan.remoting.transport.jgroups.JGroupsTransport - ISPN000094: Received new cluster view for channel ISPN: [integrationtest01-44029|0] (1) [integrationtest01-44029]
INFO main org.infinispan.remoting.transport.jgroups.JGroupsTransport - ISPN000079: Channel ISPN local address is integrationtest01-44029, physical addresses are [10.106.0.29:54275]
INFO main org.infinispan.factories.GlobalComponentRegistry - ISPN000128: Infinispan version: Infinispan 'Guinness' 7.0.0.Alpha5
WARN pool-4-thread-1 org.infinispan.configuration.cache.AbstractStoreConfigurationBuilder - ISPN000149: Fetch persistent state and purge on startup are both disabled, cache may contain stale entries on startup
ERROR main eu.leads.processor.common.utils.FileLockWrapper - Could not create the directories for the lock of /tmp/leads/processor/tmp/testplugin.jar.lock
ERROR main eu.leads.processor.common.utils.FileLockWrapper - Could not create the directories for the lock of /tmp/leads/processor/tmp/testplugin.xml.lock
WARN main com.datastax.driver.core.FrameCompressor - Cannot find Snappy class, you should make sure the Snappy library is in the classpath if you intend to use it. Snappy compression will not be available for the protocol.
WARN main com.datastax.driver.core.FrameCompressor - Cannot find LZ4 class, you should make sure the LZ4 library is in the classpath if you intend to use it. LZ4 compression will not be available for the protocol.
ERROR main eu.leads.processor.plugins.PluginManager - Plugin eu.leads.processor.AdidasProcessingPlugin could not create an instance
ERROR main eu.leads.processor.common.infinispan.ClusterInfinispanManager - Configuration given for active_plugins_cache: is not clustered so using default cluster configuration
WARN pool-13-thread-1 org.infinispan.configuration.cache.AbstractStoreConfigurationBuilder - ISPN000149: Fetch persistent state and purge on startup are both disabled, cache may contain stale entries on startup
ERROR main eu.leads.processor.common.infinispan.ClusterInfinispanManager - Configuration given for processor_plugins: is not clustered so using default cluster configuration
WARN pool-14-thread-1 org.infinispan.configuration.cache.AbstractStoreConfigurationBuilder - ISPN000149: Fetch persistent state and purge on startup are both disabled, cache may contain stale entries on startup
WARN main eu.leads.processor.plugins.PluginManager - Plugin eu.leads.processor.AdidasProcessingPlugin was not found in plugin cache
WARN ReceiverThread org.jgroups.protocols.BPING - d343611c-0a65-65a1-fd8c-e0336a0e0be9: discarding discovery request for cluster 'pawel' from d343611c-0a65-65a1-fd8c-e0336a0e0be9; our cluster name is 'ISPN'. Please separate your clusters properly
INFO main eu.leads.processor.common.infinispan.CacheManagerFactory - Starting Clustered Infinispan Manager
INFO main org.infinispan.configuration.parsing.Parser70 - ISPN000293: Ignoring XML attribute START, please remove from configuration file
INFO main org.infinispan.configuration.parsing.Parser70 - ISPN000293: Ignoring XML attribute START, please remove from configuration file
INFO main org.infinispan.configuration.parsing.Parser70 - ISPN000293: Ignoring XML attribute START, please remove from configuration file
INFO main org.infinispan.configuration.parsing.Parser70 - ISPN000293: Ignoring XML attribute START, please remove from configuration file
INFO main org.infinispan.configuration.parsing.Parser70 - ISPN000293: Ignoring XML attribute START, please remove from configuration file
INFO main org.infinispan.configuration.parsing.Parser70 - ISPN000293: Ignoring XML attribute START, please remove from configuration file
INFO main org.infinispan.configuration.parsing.Parser70 - ISPN000293: Ignoring XML attribute START, please remove from configuration file
INFO main org.infinispan.configuration.parsing.Parser70 - ISPN000293: Ignoring XML attribute START, please remove from configuration file
WARN main org.infinispan.configuration.cache.AbstractStoreConfigurationBuilder - ISPN000149: Fetch persistent state and purge on startup are both disabled, cache may contain stale entries on startup
INFO main org.infinispan.configuration.cache.EvictionConfigurationBuilder - ISPN000152: Passivation configured without an eviction policy being selected. Only manually evicted entities will be passivated.
WARN main org.infinispan.configuration.cache.AbstractStoreConfigurationBuilder - ISPN000149: Fetch persistent state and purge on startup are both disabled, cache may contain stale entries on startup
WARN main org.infinispan.configuration.cache.AbstractStoreConfigurationBuilder - ISPN000149: Fetch persistent state and purge on startup are both disabled, cache may contain stale entries on startup
WARN main org.infinispan.configuration.cache.AbstractStoreConfigurationBuilder - ISPN000149: Fetch persistent state and purge on startup are both disabled, cache may contain stale entries on startup
INFO main org.infinispan.configuration.cache.EvictionConfigurationBuilder - ISPN000152: Passivation configured without an eviction policy being selected. Only manually evicted entities will be passivated.
WARN main org.infinispan.configuration.cache.AbstractStoreConfigurationBuilder - ISPN000149: Fetch persistent state and purge on startup are both disabled, cache may contain stale entries on startup
INFO main org.infinispan.configuration.cache.EvictionConfigurationBuilder - ISPN000152: Passivation configured without an eviction policy being selected. Only manually evicted entities will be passivated.
WARN main org.infinispan.configuration.cache.AbstractStoreConfigurationBuilder - ISPN000149: Fetch persistent state and purge on startup are both disabled, cache may contain stale entries on startup
WARN main org.infinispan.configuration.cache.AbstractStoreConfigurationBuilder - ISPN000149: Fetch persistent state and purge on startup are both disabled, cache may contain stale entries on startup
ERROR main eu.leads.processor.common.infinispan.ClusterInfinispanManager - Configuration given for clustered is not clustered so using default cluster configuration
INFO main org.infinispan.remoting.transport.jgroups.JGroupsTransport - ISPN000078: Starting JGroups channel ISPN
WARN main org.jgroups.stack.Configurator - JGRP000014: TP.loopback has been deprecated: enabled by default
WARN main org.jgroups.protocols.MFC - The fragmentation size of the fragmentation protocol is 60000, which is greater than min_credits (40000). This can lead to blockings (https://issues.jboss.org/browse/JGRP-1659)
WARN main org.jgroups.protocols.TCP - JGRP000046: bundler_type=new has been removed; using transfer-queue
INFO main org.infinispan.remoting.transport.jgroups.JGroupsTransport - ISPN000094: Received new cluster view for channel ISPN: [integrationtest01-38960|0] (1) [integrationtest01-38960]
INFO main org.infinispan.remoting.transport.jgroups.JGroupsTransport - ISPN000079: Channel ISPN local address is integrationtest01-38960, physical addresses are [10.106.0.29:60290]
INFO main org.infinispan.factories.GlobalComponentRegistry - ISPN000128: Infinispan version: Infinispan 'Guinness' 7.0.0.Alpha5
WARN pool-4-thread-1 org.infinispan.configuration.cache.AbstractStoreConfigurationBuilder - ISPN000149: Fetch persistent state and purge on startup are both disabled, cache may contain stale entries on startup
WARN ReceiverThread org.jgroups.protocols.BPING - d343611c-0a65-65a1-fd8c-e0336a0e0be9: discarding discovery request for cluster 'pawel' from d343611c-0a65-65a1-fd8c-e0336a0e0be9; our cluster name is 'ISPN'. Please separate your clusters properly
WARN ReceiverThread org.jgroups.protocols.BPING - d343611c-0a65-65a1-fd8c-e0336a0e0be9: discarding discovery request for cluster 'pawel' from d343611c-0a65-65a1-fd8c-e0336a0e0be9; our cluster name is 'ISPN'. Please separate your clusters properly
ERROR main eu.leads.processor.common.utils.FileLockWrapper - Could not create the directories for the lock of /tmp/leads/processor/tmp/testplugin.jar.lock
ERROR main eu.leads.processor.common.utils.FileLockWrapper - Could not create the directories for the lock of /tmp/leads/processor/tmp/testplugin.jar.lock
ERROR main eu.leads.processor.common.utils.FileLockWrapper - Could not create the directories for the lock of /tmp/leads/processor/tmp/testplugin.xml.lock
WARN main com.datastax.driver.core.FrameCompressor - Cannot find Snappy class, you should make sure the Snappy library is in the classpath if you intend to use it. Snappy compression will not be available for the protocol.
WARN main com.datastax.driver.core.FrameCompressor - Cannot find LZ4 class, you should make sure the LZ4 library is in the classpath if you intend to use it. LZ4 compression will not be available for the protocol.
ERROR main eu.leads.processor.plugins.PluginManager - Plugin eu.leads.processor.AdidasProcessingPlugin could not create an instance
ERROR main eu.leads.processor.common.infinispan.ClusterInfinispanManager - Configuration given for active_plugins_cache: is not clustered so using default cluster configuration
WARN pool-13-thread-1 org.infinispan.configuration.cache.AbstractStoreConfigurationBuilder - ISPN000149: Fetch persistent state and purge on startup are both disabled, cache may contain stale entries on startup
ERROR main eu.leads.processor.common.infinispan.ClusterInfinispanManager - Configuration given for processor_plugins: is not clustered so using default cluster configuration
WARN pool-14-thread-1 org.infinispan.configuration.cache.AbstractStoreConfigurationBuilder - ISPN000149: Fetch persistent state and purge on startup are both disabled, cache may contain stale entries on startup
WARN main eu.leads.processor.plugins.PluginManager - Plugin eu.leads.processor.AdidasProcessingPlugin was not found in plugin cache
INFO main eu.leads.processor.common.infinispan.CacheManagerFactory - Starting Clustered Infinispan Manager
INFO main org.infinispan.configuration.parsing.Parser70 - ISPN000293: Ignoring XML attribute START, please remove from configuration file
INFO main org.infinispan.configuration.parsing.Parser70 - ISPN000293: Ignoring XML attribute START, please remove from configuration file
INFO main org.infinispan.configuration.parsing.Parser70 - ISPN000293: Ignoring XML attribute START, please remove from configuration file
INFO main org.infinispan.configuration.parsing.Parser70 - ISPN000293: Ignoring XML attribute START, please remove from configuration file
INFO main org.infinispan.configuration.parsing.Parser70 - ISPN000293: Ignoring XML attribute START, please remove from configuration file
INFO main org.infinispan.configuration.parsing.Parser70 - ISPN000293: Ignoring XML attribute START, please remove from configuration file
INFO main org.infinispan.configuration.parsing.Parser70 - ISPN000293: Ignoring XML attribute START, please remove from configuration file
INFO main org.infinispan.configuration.parsing.Parser70 - ISPN000293: Ignoring XML attribute START, please remove from configuration file
WARN main org.infinispan.configuration.cache.AbstractStoreConfigurationBuilder - ISPN000149: Fetch persistent state and purge on startup are both disabled, cache may contain stale entries on startup
INFO main org.infinispan.configuration.cache.EvictionConfigurationBuilder - ISPN000152: Passivation configured without an eviction policy being selected. Only manually evicted entities will be passivated.
WARN main org.infinispan.configuration.cache.AbstractStoreConfigurationBuilder - ISPN000149: Fetch persistent state and purge on startup are both disabled, cache may contain stale entries on startup
WARN main org.infinispan.configuration.cache.AbstractStoreConfigurationBuilder - ISPN000149: Fetch persistent state and purge on startup are both disabled, cache may contain stale entries on startup
WARN main org.infinispan.configuration.cache.AbstractStoreConfigurationBuilder - ISPN000149: Fetch persistent state and purge on startup are both disabled, cache may contain stale entries on startup
INFO main org.infinispan.configuration.cache.EvictionConfigurationBuilder - ISPN000152: Passivation configured without an eviction policy being selected. Only manually evicted entities will be passivated.
WARN main org.infinispan.configuration.cache.AbstractStoreConfigurationBuilder - ISPN000149: Fetch persistent state and purge on startup are both disabled, cache may contain stale entries on startup
INFO main org.infinispan.configuration.cache.EvictionConfigurationBuilder - ISPN000152: Passivation configured without an eviction policy being selected. Only manually evicted entities will be passivated.
WARN main org.infinispan.configuration.cache.AbstractStoreConfigurationBuilder - ISPN000149: Fetch persistent state and purge on startup are both disabled, cache may contain stale entries on startup
WARN main org.infinispan.configuration.cache.AbstractStoreConfigurationBuilder - ISPN000149: Fetch persistent state and purge on startup are both disabled, cache may contain stale entries on startup
ERROR main eu.leads.processor.common.infinispan.ClusterInfinispanManager - Configuration given for clustered is not clustered so using default cluster configuration
INFO main org.infinispan.remoting.transport.jgroups.JGroupsTransport - ISPN000078: Starting JGroups channel ISPN
WARN main org.jgroups.stack.Configurator - JGRP000014: TP.loopback has been deprecated: enabled by default
WARN main org.jgroups.protocols.MFC - The fragmentation size of the fragmentation protocol is 60000, which is greater than min_credits (40000). This can lead to blockings (https://issues.jboss.org/browse/JGRP-1659)
WARN main org.jgroups.protocols.TCP - JGRP000046: bundler_type=new has been removed; using transfer-queue
WARN ReceiverThread org.jgroups.protocols.BPING - d343611c-0a65-65a1-fd8c-e0336a0e0be9: discarding discovery request for cluster 'pawel' from d343611c-0a65-65a1-fd8c-e0336a0e0be9; our cluster name is 'ISPN'. Please separate your clusters properly
INFO main org.infinispan.remoting.transport.jgroups.JGroupsTransport - ISPN000094: Received new cluster view for channel ISPN: [integrationtest01-36890|0] (1) [integrationtest01-36890]
INFO main org.infinispan.remoting.transport.jgroups.JGroupsTransport - ISPN000079: Channel ISPN local address is integrationtest01-36890, physical addresses are [10.106.0.29:44697]
INFO main org.infinispan.factories.GlobalComponentRegistry - ISPN000128: Infinispan version: Infinispan 'Guinness' 7.0.0.Alpha5
WARN pool-4-thread-1 org.infinispan.configuration.cache.AbstractStoreConfigurationBuilder - ISPN000149: Fetch persistent state and purge on startup are both disabled, cache may contain stale entries on startup
ERROR main eu.leads.processor.common.utils.FileLockWrapper - Could not create the directories for the lock of /tmp/leads/processor/tmp/testplugin.jar.lock
ERROR main eu.leads.processor.common.utils.FileLockWrapper - Could not create the directories for the lock of /tmp/leads/processor/tmp/testplugin.jar.lock
ERROR main eu.leads.processor.common.utils.FileLockWrapper - Could not create the directories for the lock of /tmp/leads/processor/tmp/testplugin.xml.lock
ERROR main eu.leads.processor.common.infinispan.ClusterInfinispanManager - Configuration given for processor_plugins: is not clustered so using default cluster configuration
WARN pool-5-thread-1 org.infinispan.configuration.cache.AbstractStoreConfigurationBuilder - ISPN000149: Fetch persistent state and purge on startup are both disabled, cache may contain stale entries on startup
ERROR main eu.leads.processor.common.infinispan.ClusterInfinispanManager - Configuration given for active_plugins_cache: is not clustered so using default cluster configuration
WARN pool-6-thread-1 org.infinispan.configuration.cache.AbstractStoreConfigurationBuilder - ISPN000149: Fetch persistent state and purge on startup are both disabled, cache may contain stale entries on startup
ERROR main eu.leads.processor.common.utils.FileLockWrapper - Could not create the directories for the lock of /tmp/leads/processor/tmp/testplugin.jar.lock
ERROR main eu.leads.processor.common.utils.FileLockWrapper - Could not create the directories for the lock of /tmp/leads/processor/tmp/testplugin.jar.lock
ERROR main eu.leads.processor.common.utils.FileLockWrapper - Could not create the directories for the lock of /tmp/leads/processor/tmp/testplugin.xml.lock
WARN ReceiverThread org.jgroups.protocols.BPING - d343611c-0a65-65a1-fd8c-e0336a0e0be9: discarding discovery request for cluster 'pawel' from d343611c-0a65-65a1-fd8c-e0336a0e0be9; our cluster name is 'ISPN'. Please separate your clusters properly
ERROR main eu.leads.processor.common.infinispan.ClusterInfinispanManager - Configuration given for webpages is not clustered so using default cluster configuration
WARN pool-7-thread-1 org.infinispan.configuration.cache.AbstractStoreConfigurationBuilder - ISPN000149: Fetch persistent state and purge on startup are both disabled, cache may contain stale entries on startup
ERROR main eu.leads.processor.conf.LQPConfiguration - File config.propertiesCould not be loaded because it does not exist neither in the working dir nor in conf/
INFO main eu.leads.crawler.PersistentCrawl - Seed : http://www.bbc.co.uk
INFO main eu.leads.crawler.PersistentCrawl - Depth 1
INFO main eu.leads.crawler.PersistentCrawl - Number of crawler threads 1
INFO main eu.leads.crawler.PersistentCrawl - Document earler than 10 day(s)
ERROR pool-8-thread-1 org.infinispan.interceptors.InvocationContextInterceptor - ISPN000136: Execution error
java.lang.OutOfMemoryError
	at sun.misc.Unsafe.allocateMemory(Native Method)
	at java.nio.DirectByteBuffer.<init>(DirectByteBuffer.java:127)
	at java.nio.ByteBuffer.allocateDirect(ByteBuffer.java:311)
	at sun.nio.ch.Util.getTemporaryDirectBuffer(Util.java:174)
	at sun.nio.ch.IOUtil.read(IOUtil.java:195)
	at sun.nio.ch.FileChannelImpl.readInternal(FileChannelImpl.java:708)
	at sun.nio.ch.FileChannelImpl.read(FileChannelImpl.java:694)
	at org.infinispan.persistence.file.SingleFileStore._load(SingleFileStore.java:480)
	at org.infinispan.persistence.file.SingleFileStore.load(SingleFileStore.java:438)
	at org.infinispan.persistence.manager.PersistenceManagerImpl.loadFromAllStores(PersistenceManagerImpl.java:454)
	at org.infinispan.persistence.PersistenceUtil.loadAndCheckExpiration(PersistenceUtil.java:116)
	at org.infinispan.persistence.PersistenceUtil$4.compute(PersistenceUtil.java:100)
	at org.infinispan.container.DefaultDataContainer$BoundedConcurrentExtendedMap.compute(DefaultDataContainer.java:502)
	at org.infinispan.container.DefaultDataContainer.compute(DefaultDataContainer.java:238)
	at org.infinispan.persistence.PersistenceUtil.loadAndStoreInDataContainer(PersistenceUtil.java:90)
	at org.infinispan.interceptors.CacheLoaderInterceptor.loadIfNeeded(CacheLoaderInterceptor.java:306)
	at org.infinispan.interceptors.CacheLoaderInterceptor.loadIfNeededAndUpdateStats(CacheLoaderInterceptor.java:385)
	at org.infinispan.interceptors.CacheLoaderInterceptor.visitGetKeyValueCommand(CacheLoaderInterceptor.java:122)
	at org.infinispan.commands.read.GetKeyValueCommand.acceptVisitor(GetKeyValueCommand.java:44)
	at org.infinispan.interceptors.base.CommandInterceptor.invokeNextInterceptor(CommandInterceptor.java:98)
	at org.infinispan.interceptors.EntryWrappingInterceptor.visitGetKeyValueCommand(EntryWrappingInterceptor.java:129)
	at org.infinispan.commands.read.GetKeyValueCommand.acceptVisitor(GetKeyValueCommand.java:44)
	at org.infinispan.interceptors.base.CommandInterceptor.invokeNextInterceptor(CommandInterceptor.java:98)
	at org.infinispan.interceptors.base.CommandInterceptor.handleDefault(CommandInterceptor.java:112)
	at org.infinispan.commands.AbstractVisitor.visitGetKeyValueCommand(AbstractVisitor.java:75)
	at org.infinispan.commands.read.GetKeyValueCommand.acceptVisitor(GetKeyValueCommand.java:44)
	at org.infinispan.interceptors.base.CommandInterceptor.invokeNextInterceptor(CommandInterceptor.java:98)
	at org.infinispan.interceptors.locking.NonTransactionalLockingInterceptor.visitGetKeyValueCommand(NonTransactionalLockingInterceptor.java:32)
	at org.infinispan.commands.read.GetKeyValueCommand.acceptVisitor(GetKeyValueCommand.java:44)
	at org.infinispan.interceptors.base.CommandInterceptor.invokeNextInterceptor(CommandInterceptor.java:98)
	at org.infinispan.interceptors.base.CommandInterceptor.handleDefault(CommandInterceptor.java:112)
	at org.infinispan.commands.AbstractVisitor.visitGetKeyValueCommand(AbstractVisitor.java:75)
	at org.infinispan.commands.read.GetKeyValueCommand.acceptVisitor(GetKeyValueCommand.java:44)
	at org.infinispan.interceptors.base.CommandInterceptor.invokeNextInterceptor(CommandInterceptor.java:98)
	at org.infinispan.interceptors.base.CommandInterceptor.handleDefault(CommandInterceptor.java:112)
	at org.infinispan.commands.AbstractVisitor.visitGetKeyValueCommand(AbstractVisitor.java:75)
	at org.infinispan.commands.read.GetKeyValueCommand.acceptVisitor(GetKeyValueCommand.java:44)
	at org.infinispan.interceptors.base.CommandInterceptor.invokeNextInterceptor(CommandInterceptor.java:98)
	at org.infinispan.statetransfer.StateTransferInterceptor.handleTopologyAffectedCommand(StateTransferInterceptor.java:217)
	at org.infinispan.statetransfer.StateTransferInterceptor.handleDefault(StateTransferInterceptor.java:201)
	at org.infinispan.commands.AbstractVisitor.visitGetKeyValueCommand(AbstractVisitor.java:75)
	at org.infinispan.commands.read.GetKeyValueCommand.acceptVisitor(GetKeyValueCommand.java:44)
	at org.infinispan.interceptors.base.CommandInterceptor.invokeNextInterceptor(CommandInterceptor.java:98)
	at org.infinispan.interceptors.CacheMgmtInterceptor.visitGetKeyValueCommand(CacheMgmtInterceptor.java:92)
	at org.infinispan.commands.read.GetKeyValueCommand.acceptVisitor(GetKeyValueCommand.java:44)
	at org.infinispan.interceptors.base.CommandInterceptor.invokeNextInterceptor(CommandInterceptor.java:98)
	at org.infinispan.interceptors.compat.BaseTypeConverterInterceptor.visitGetKeyValueCommand(BaseTypeConverterInterceptor.java:75)
	at org.infinispan.commands.read.GetKeyValueCommand.acceptVisitor(GetKeyValueCommand.java:44)
	at org.infinispan.interceptors.base.CommandInterceptor.invokeNextInterceptor(CommandInterceptor.java:98)
	at org.infinispan.interceptors.InvocationContextInterceptor.handleAll(InvocationContextInterceptor.java:111)
	at org.infinispan.interceptors.InvocationContextInterceptor.handleDefault(InvocationContextInterceptor.java:74)
	at org.infinispan.commands.AbstractVisitor.visitGetKeyValueCommand(AbstractVisitor.java:75)
	at org.infinispan.commands.read.GetKeyValueCommand.acceptVisitor(GetKeyValueCommand.java:44)
	at org.infinispan.interceptors.InterceptorChain.invoke(InterceptorChain.java:333)
	at org.infinispan.cache.impl.CacheImpl.get(CacheImpl.java:392)
	at org.infinispan.cache.impl.CacheImpl.get(CacheImpl.java:384)
	at eu.leads.processor.plugins.SimplePluginRunner.initializePlugin(SimplePluginRunner.java:184)
	at eu.leads.processor.plugins.SimplePluginRunner.initialize(SimplePluginRunner.java:161)
	at eu.leads.processor.common.infinispan.AddListenerCallable.call(AddListenerCallable.java:35)
	at eu.leads.processor.common.infinispan.AddListenerCallable.call(AddListenerCallable.java:13)
	at org.infinispan.commands.read.DistributedExecuteCommand.perform(DistributedExecuteCommand.java:98)
	at org.infinispan.distexec.DefaultExecutorService$LocalDistributedTaskPart$1.doLocalInvoke(DefaultExecutorService.java:1121)
	at org.infinispan.distexec.DefaultExecutorService$LocalDistributedTaskPart$1.call(DefaultExecutorService.java:1111)
	at java.util.concurrent.FutureTask.run(FutureTask.java:266)
	at java.util.concurrent.ThreadPoolExecutor.runWorker(ThreadPoolExecutor.java:1142)
	at java.util.concurrent.ThreadPoolExecutor$Worker.run(ThreadPoolExecutor.java:617)
	at java.lang.Thread.run(Thread.java:745)
INFO main eu.leads.crawler.PersistentCrawl - 0
INFO main eu.leads.crawler.CrawlerController - Starting crawling..
INFO main eu.leads.crawler.CrawlerController - Initializing crawler controller
INFO main eu.leads.crawler.CrawlerController - Initializing task queue
INFO main eu.leads.crawler.CrawlerController - Queue is overriden, setting it instead of default inner task queue
INFO main eu.leads.crawler.CrawlerController - Initializing scheduler
INFO main eu.leads.crawler.frontier.DefaultScheduler - Scheduler was successfully initialized and started
INFO main eu.leads.crawler.CrawlerController - Initializing crawler workers
INFO main eu.leads.crawler.CrawlerController$CrawlerWorker - Thread-7 set task queue
INFO main eu.leads.crawler.CrawlerController - Task queue initialized
INFO main eu.leads.crawler.CrawlerController - Crawler controller initialized
INFO main eu.leads.crawler.CrawlerController$CrawlerWorker - Thread-7 is started
INFO Thread-7 eu.leads.crawler.CrawlerController$CrawlerWorker - Thread-7 start do work loop
WARN ReceiverThread org.jgroups.protocols.BPING - d343611c-0a65-65a1-fd8c-e0336a0e0be9: discarding discovery request for cluster 'pawel' from d343611c-0a65-65a1-fd8c-e0336a0e0be9; our cluster name is 'ISPN'. Please separate your clusters properly
INFO Thread-7 eu.leads.crawler.PersistentCrawler - Crawled: http://www.bbc.co.uk
INFO main eu.leads.processor.common.infinispan.CacheManagerFactory - Starting Clustered Infinispan Manager
INFO main org.infinispan.configuration.parsing.Parser70 - ISPN000293: Ignoring XML attribute START, please remove from configuration file
INFO main org.infinispan.configuration.parsing.Parser70 - ISPN000293: Ignoring XML attribute START, please remove from configuration file
INFO main org.infinispan.configuration.parsing.Parser70 - ISPN000293: Ignoring XML attribute START, please remove from configuration file
INFO main org.infinispan.configuration.parsing.Parser70 - ISPN000293: Ignoring XML attribute START, please remove from configuration file
INFO main org.infinispan.configuration.parsing.Parser70 - ISPN000293: Ignoring XML attribute START, please remove from configuration file
INFO main org.infinispan.configuration.parsing.Parser70 - ISPN000293: Ignoring XML attribute START, please remove from configuration file
INFO main org.infinispan.configuration.parsing.Parser70 - ISPN000293: Ignoring XML attribute START, please remove from configuration file
INFO main org.infinispan.configuration.parsing.Parser70 - ISPN000293: Ignoring XML attribute START, please remove from configuration file
WARN main org.infinispan.configuration.cache.AbstractStoreConfigurationBuilder - ISPN000149: Fetch persistent state and purge on startup are both disabled, cache may contain stale entries on startup
INFO main org.infinispan.configuration.cache.EvictionConfigurationBuilder - ISPN000152: Passivation configured without an eviction policy being selected. Only manually evicted entities will be passivated.
WARN main org.infinispan.configuration.cache.AbstractStoreConfigurationBuilder - ISPN000149: Fetch persistent state and purge on startup are both disabled, cache may contain stale entries on startup
WARN main org.infinispan.configuration.cache.AbstractStoreConfigurationBuilder - ISPN000149: Fetch persistent state and purge on startup are both disabled, cache may contain stale entries on startup
WARN main org.infinispan.configuration.cache.AbstractStoreConfigurationBuilder - ISPN000149: Fetch persistent state and purge on startup are both disabled, cache may contain stale entries on startup
INFO main org.infinispan.configuration.cache.EvictionConfigurationBuilder - ISPN000152: Passivation configured without an eviction policy being selected. Only manually evicted entities will be passivated.
WARN main org.infinispan.configuration.cache.AbstractStoreConfigurationBuilder - ISPN000149: Fetch persistent state and purge on startup are both disabled, cache may contain stale entries on startup
INFO main org.infinispan.configuration.cache.EvictionConfigurationBuilder - ISPN000152: Passivation configured without an eviction policy being selected. Only manually evicted entities will be passivated.
WARN main org.infinispan.configuration.cache.AbstractStoreConfigurationBuilder - ISPN000149: Fetch persistent state and purge on startup are both disabled, cache may contain stale entries on startup
WARN main org.infinispan.configuration.cache.AbstractStoreConfigurationBuilder - ISPN000149: Fetch persistent state and purge on startup are both disabled, cache may contain stale entries on startup
ERROR main eu.leads.processor.common.infinispan.ClusterInfinispanManager - Configuration given for clustered is not clustered so using default cluster configuration
INFO main org.infinispan.remoting.transport.jgroups.JGroupsTransport - ISPN000078: Starting JGroups channel ISPN
WARN main org.jgroups.stack.Configurator - JGRP000014: TP.loopback has been deprecated: enabled by default
WARN main org.jgroups.protocols.MFC - The fragmentation size of the fragmentation protocol is 60000, which is greater than min_credits (40000). This can lead to blockings (https://issues.jboss.org/browse/JGRP-1659)
WARN main org.jgroups.protocols.TCP - JGRP000046: bundler_type=new has been removed; using transfer-queue
INFO main org.infinispan.remoting.transport.jgroups.JGroupsTransport - ISPN000094: Received new cluster view for channel ISPN: [integrationtest01-58957|0] (1) [integrationtest01-58957]
INFO main org.infinispan.remoting.transport.jgroups.JGroupsTransport - ISPN000079: Channel ISPN local address is integrationtest01-58957, physical addresses are [10.106.0.29:52387]
INFO main org.infinispan.factories.GlobalComponentRegistry - ISPN000128: Infinispan version: Infinispan 'Guinness' 7.0.0.Alpha5
WARN pool-4-thread-1 org.infinispan.configuration.cache.AbstractStoreConfigurationBuilder - ISPN000149: Fetch persistent state and purge on startup are both disabled, cache may contain stale entries on startup
ERROR main eu.leads.processor.common.utils.FileLockWrapper - Could not create the directories for the lock of /tmp/leads/processor/tmp/testplugin.jar.lock
ERROR main eu.leads.processor.common.utils.FileLockWrapper - Could not create the directories for the lock of /tmp/leads/processor/tmp/testplugin.jar.lock
ERROR main eu.leads.processor.common.utils.FileLockWrapper - Could not create the directories for the lock of /tmp/leads/processor/tmp/testplugin.xml.lock
ERROR main eu.leads.processor.common.infinispan.ClusterInfinispanManager - Configuration given for processor_plugins: is not clustered so using default cluster configuration
WARN pool-5-thread-1 org.infinispan.configuration.cache.AbstractStoreConfigurationBuilder - ISPN000149: Fetch persistent state and purge on startup are both disabled, cache may contain stale entries on startup
ERROR main eu.leads.processor.common.infinispan.ClusterInfinispanManager - Configuration given for active_plugins_cache: is not clustered so using default cluster configuration
WARN pool-6-thread-1 org.infinispan.configuration.cache.AbstractStoreConfigurationBuilder - ISPN000149: Fetch persistent state and purge on startup are both disabled, cache may contain stale entries on startup
ERROR main eu.leads.processor.common.utils.FileLockWrapper - Could not create the directories for the lock of /tmp/leads/processor/tmp/testplugin.jar.lock
WARN ReceiverThread org.jgroups.protocols.BPING - d343611c-0a65-65a1-fd8c-e0336a0e0be9: discarding discovery request for cluster 'pawel' from d343611c-0a65-65a1-fd8c-e0336a0e0be9; our cluster name is 'ISPN'. Please separate your clusters properly
ERROR main eu.leads.processor.common.utils.FileLockWrapper - Could not create the directories for the lock of /tmp/leads/processor/tmp/testplugin.jar.lock
ERROR main eu.leads.processor.common.utils.FileLockWrapper - Could not create the directories for the lock of /tmp/leads/processor/tmp/testplugin.xml.lock
INFO main eu.leads.processor.common.infinispan.CacheManagerFactory - Starting Clustered Infinispan Manager
INFO main org.infinispan.configuration.parsing.Parser70 - ISPN000293: Ignoring XML attribute START, please remove from configuration file
INFO main org.infinispan.configuration.parsing.Parser70 - ISPN000293: Ignoring XML attribute START, please remove from configuration file
INFO main org.infinispan.configuration.parsing.Parser70 - ISPN000293: Ignoring XML attribute START, please remove from configuration file
INFO main org.infinispan.configuration.parsing.Parser70 - ISPN000293: Ignoring XML attribute START, please remove from configuration file
INFO main org.infinispan.configuration.parsing.Parser70 - ISPN000293: Ignoring XML attribute START, please remove from configuration file
INFO main org.infinispan.configuration.parsing.Parser70 - ISPN000293: Ignoring XML attribute START, please remove from configuration file
INFO main org.infinispan.configuration.parsing.Parser70 - ISPN000293: Ignoring XML attribute START, please remove from configuration file
INFO main org.infinispan.configuration.parsing.Parser70 - ISPN000293: Ignoring XML attribute START, please remove from configuration file
WARN main org.infinispan.configuration.cache.AbstractStoreConfigurationBuilder - ISPN000149: Fetch persistent state and purge on startup are both disabled, cache may contain stale entries on startup
INFO main org.infinispan.configuration.cache.EvictionConfigurationBuilder - ISPN000152: Passivation configured without an eviction policy being selected. Only manually evicted entities will be passivated.
WARN main org.infinispan.configuration.cache.AbstractStoreConfigurationBuilder - ISPN000149: Fetch persistent state and purge on startup are both disabled, cache may contain stale entries on startup
WARN main org.infinispan.configuration.cache.AbstractStoreConfigurationBuilder - ISPN000149: Fetch persistent state and purge on startup are both disabled, cache may contain stale entries on startup
WARN main org.infinispan.configuration.cache.AbstractStoreConfigurationBuilder - ISPN000149: Fetch persistent state and purge on startup are both disabled, cache may contain stale entries on startup
INFO main org.infinispan.configuration.cache.EvictionConfigurationBuilder - ISPN000152: Passivation configured without an eviction policy being selected. Only manually evicted entities will be passivated.
WARN main org.infinispan.configuration.cache.AbstractStoreConfigurationBuilder - ISPN000149: Fetch persistent state and purge on startup are both disabled, cache may contain stale entries on startup
INFO main org.infinispan.configuration.cache.EvictionConfigurationBuilder - ISPN000152: Passivation configured without an eviction policy being selected. Only manually evicted entities will be passivated.
WARN main org.infinispan.configuration.cache.AbstractStoreConfigurationBuilder - ISPN000149: Fetch persistent state and purge on startup are both disabled, cache may contain stale entries on startup
WARN main org.infinispan.configuration.cache.AbstractStoreConfigurationBuilder - ISPN000149: Fetch persistent state and purge on startup are both disabled, cache may contain stale entries on startup
ERROR main eu.leads.processor.common.infinispan.ClusterInfinispanManager - Configuration given for clustered is not clustered so using default cluster configuration
INFO main org.infinispan.remoting.transport.jgroups.JGroupsTransport - ISPN000078: Starting JGroups channel ISPN
WARN main org.jgroups.stack.Configurator - JGRP000014: TP.loopback has been deprecated: enabled by default
WARN main org.jgroups.protocols.MFC - The fragmentation size of the fragmentation protocol is 60000, which is greater than min_credits (40000). This can lead to blockings (https://issues.jboss.org/browse/JGRP-1659)
WARN main org.jgroups.protocols.TCP - JGRP000046: bundler_type=new has been removed; using transfer-queue
INFO main org.infinispan.remoting.transport.jgroups.JGroupsTransport - ISPN000094: Received new cluster view for channel ISPN: [integrationtest01-1850|0] (1) [integrationtest01-1850]
INFO main org.infinispan.remoting.transport.jgroups.JGroupsTransport - ISPN000079: Channel ISPN local address is integrationtest01-1850, physical addresses are [10.106.0.29:54448]
INFO main org.infinispan.factories.GlobalComponentRegistry - ISPN000128: Infinispan version: Infinispan 'Guinness' 7.0.0.Alpha5
WARN pool-4-thread-1 org.infinispan.configuration.cache.AbstractStoreConfigurationBuilder - ISPN000149: Fetch persistent state and purge on startup are both disabled, cache may contain stale entries on startup
ERROR main eu.leads.processor.common.utils.FileLockWrapper - Could not create the directories for the lock of /tmp/leads/processor/tmp/testplugin.jar.lock
ERROR main eu.leads.processor.common.utils.FileLockWrapper - Could not create the directories for the lock of /tmp/leads/processor/tmp/testplugin.jar.lock
ERROR main eu.leads.processor.common.utils.FileLockWrapper - Could not create the directories for the lock of /tmp/leads/processor/tmp/testplugin.xml.lock
ERROR main eu.leads.processor.common.infinispan.ClusterInfinispanManager - Configuration given for processor_plugins: is not clustered so using default cluster configuration
WARN pool-5-thread-1 org.infinispan.configuration.cache.AbstractStoreConfigurationBuilder - ISPN000149: Fetch persistent state and purge on startup are both disabled, cache may contain stale entries on startup
ERROR main eu.leads.processor.common.infinispan.ClusterInfinispanManager - Configuration given for active_plugins_cache: is not clustered so using default cluster configuration
WARN pool-6-thread-1 org.infinispan.configuration.cache.AbstractStoreConfigurationBuilder - ISPN000149: Fetch persistent state and purge on startup are both disabled, cache may contain stale entries on startup
WARN ReceiverThread org.jgroups.protocols.BPING - d343611c-0a65-65a1-fd8c-e0336a0e0be9: discarding discovery request for cluster 'pawel' from d343611c-0a65-65a1-fd8c-e0336a0e0be9; our cluster name is 'ISPN'. Please separate your clusters properly
ERROR main eu.leads.processor.common.utils.FileLockWrapper - Could not create the directories for the lock of /tmp/leads/processor/tmp/testplugin.jar.lock
WARN ReceiverThread org.jgroups.protocols.BPING - d343611c-0a65-65a1-fd8c-e0336a0e0be9: discarding discovery request for cluster 'pawel' from d343611c-0a65-65a1-fd8c-e0336a0e0be9; our cluster name is 'ISPN'. Please separate your clusters properly
WARN ReceiverThread org.jgroups.protocols.BPING - d343611c-0a65-65a1-fd8c-e0336a0e0be9: discarding discovery request for cluster 'pawel' from d343611c-0a65-65a1-fd8c-e0336a0e0be9; our cluster name is 'ISPN'. Please separate your clusters properly
WARN ReceiverThread org.jgroups.protocols.BPING - d343611c-0a65-65a1-fd8c-e0336a0e0be9: discarding discovery request for cluster 'pawel' from d343611c-0a65-65a1-fd8c-e0336a0e0be9; our cluster name is 'ISPN'. Please separate your clusters properly
WARN ReceiverThread org.jgroups.protocols.BPING - d343611c-0a65-65a1-fd8c-e0336a0e0be9: discarding discovery request for cluster 'pawel' from d343611c-0a65-65a1-fd8c-e0336a0e0be9; our cluster name is 'ISPN'. Please separate your clusters properly
WARN ReceiverThread org.jgroups.protocols.BPING - d343611c-0a65-65a1-fd8c-e0336a0e0be9: discarding discovery request for cluster 'pawel' from d343611c-0a65-65a1-fd8c-e0336a0e0be9; our cluster name is 'ISPN'. Please separate your clusters properly
WARN ReceiverThread org.jgroups.protocols.BPING - d343611c-0a65-65a1-fd8c-e0336a0e0be9: discarding discovery request for cluster 'pawel' from d343611c-0a65-65a1-fd8c-e0336a0e0be9; our cluster name is 'ISPN'. Please separate your clusters properly
WARN ReceiverThread org.jgroups.protocols.BPING - d343611c-0a65-65a1-fd8c-e0336a0e0be9: discarding discovery request for cluster 'pawel' from d343611c-0a65-65a1-fd8c-e0336a0e0be9; our cluster name is 'ISPN'. Please separate your clusters properly
INFO main eu.leads.processor.common.infinispan.CacheManagerFactory - Starting Clustered Infinispan Manager
INFO main org.infinispan.configuration.parsing.Parser70 - ISPN000293: Ignoring XML attribute START, please remove from configuration file
INFO main org.infinispan.configuration.parsing.Parser70 - ISPN000293: Ignoring XML attribute START, please remove from configuration file
INFO main org.infinispan.configuration.parsing.Parser70 - ISPN000293: Ignoring XML attribute START, please remove from configuration file
INFO main org.infinispan.configuration.parsing.Parser70 - ISPN000293: Ignoring XML attribute START, please remove from configuration file
INFO main org.infinispan.configuration.parsing.Parser70 - ISPN000293: Ignoring XML attribute START, please remove from configuration file
INFO main org.infinispan.configuration.parsing.Parser70 - ISPN000293: Ignoring XML attribute START, please remove from configuration file
INFO main org.infinispan.configuration.parsing.Parser70 - ISPN000293: Ignoring XML attribute START, please remove from configuration file
INFO main org.infinispan.configuration.parsing.Parser70 - ISPN000293: Ignoring XML attribute START, please remove from configuration file
WARN main org.infinispan.configuration.cache.AbstractStoreConfigurationBuilder - ISPN000149: Fetch persistent state and purge on startup are both disabled, cache may contain stale entries on startup
INFO main org.infinispan.configuration.cache.EvictionConfigurationBuilder - ISPN000152: Passivation configured without an eviction policy being selected. Only manually evicted entities will be passivated.
WARN main org.infinispan.configuration.cache.AbstractStoreConfigurationBuilder - ISPN000149: Fetch persistent state and purge on startup are both disabled, cache may contain stale entries on startup
WARN main org.infinispan.configuration.cache.AbstractStoreConfigurationBuilder - ISPN000149: Fetch persistent state and purge on startup are both disabled, cache may contain stale entries on startup
WARN main org.infinispan.configuration.cache.AbstractStoreConfigurationBuilder - ISPN000149: Fetch persistent state and purge on startup are both disabled, cache may contain stale entries on startup
INFO main org.infinispan.configuration.cache.EvictionConfigurationBuilder - ISPN000152: Passivation configured without an eviction policy being selected. Only manually evicted entities will be passivated.
WARN main org.infinispan.configuration.cache.AbstractStoreConfigurationBuilder - ISPN000149: Fetch persistent state and purge on startup are both disabled, cache may contain stale entries on startup
INFO main org.infinispan.configuration.cache.EvictionConfigurationBuilder - ISPN000152: Passivation configured without an eviction policy being selected. Only manually evicted entities will be passivated.
WARN main org.infinispan.configuration.cache.AbstractStoreConfigurationBuilder - ISPN000149: Fetch persistent state and purge on startup are both disabled, cache may contain stale entries on startup
WARN main org.infinispan.configuration.cache.AbstractStoreConfigurationBuilder - ISPN000149: Fetch persistent state and purge on startup are both disabled, cache may contain stale entries on startup
ERROR main eu.leads.processor.common.infinispan.ClusterInfinispanManager - Configuration given for clustered is not clustered so using default cluster configuration
INFO main org.infinispan.remoting.transport.jgroups.JGroupsTransport - ISPN000078: Starting JGroups channel ISPN
WARN main org.jgroups.stack.Configurator - JGRP000014: TP.loopback has been deprecated: enabled by default
WARN main org.jgroups.protocols.MFC - The fragmentation size of the fragmentation protocol is 60000, which is greater than min_credits (40000). This can lead to blockings (https://issues.jboss.org/browse/JGRP-1659)
WARN main org.jgroups.protocols.TCP - JGRP000046: bundler_type=new has been removed; using transfer-queue
INFO main org.infinispan.remoting.transport.jgroups.JGroupsTransport - ISPN000094: Received new cluster view for channel ISPN: [integrationtest01-45674|0] (1) [integrationtest01-45674]
INFO main org.infinispan.remoting.transport.jgroups.JGroupsTransport - ISPN000079: Channel ISPN local address is integrationtest01-45674, physical addresses are [10.106.0.29:33463]
INFO main org.infinispan.factories.GlobalComponentRegistry - ISPN000128: Infinispan version: Infinispan 'Guinness' 7.0.0.Alpha5
WARN pool-4-thread-1 org.infinispan.configuration.cache.AbstractStoreConfigurationBuilder - ISPN000149: Fetch persistent state and purge on startup are both disabled, cache may contain stale entries on startup
ERROR main eu.leads.processor.common.utils.FileLockWrapper - Could not create the directories for the lock of /tmp/leads/processor/tmp/testplugin.jar.lock
ERROR main eu.leads.processor.common.utils.FileLockWrapper - Could not create the directories for the lock of /tmp/leads/processor/tmp/testplugin.jar.lock
ERROR main eu.leads.processor.common.utils.FileLockWrapper - Could not create the directories for the lock of /tmp/leads/processor/tmp/testplugin.xml.lock
WARN ReceiverThread org.jgroups.protocols.BPING - d343611c-0a65-65a1-fd8c-e0336a0e0be9: discarding discovery request for cluster 'pawel' from d343611c-0a65-65a1-fd8c-e0336a0e0be9; our cluster name is 'ISPN'. Please separate your clusters properly
ERROR main eu.leads.processor.common.infinispan.ClusterInfinispanManager - Configuration given for processor_plugins: is not clustered so using default cluster configuration
WARN pool-5-thread-1 org.infinispan.configuration.cache.AbstractStoreConfigurationBuilder - ISPN000149: Fetch persistent state and purge on startup are both disabled, cache may contain stale entries on startup
ERROR main eu.leads.processor.common.infinispan.ClusterInfinispanManager - Configuration given for active_plugins_cache: is not clustered so using default cluster configuration
WARN pool-6-thread-1 org.infinispan.configuration.cache.AbstractStoreConfigurationBuilder - ISPN000149: Fetch persistent state and purge on startup are both disabled, cache may contain stale entries on startup
ERROR main eu.leads.processor.common.utils.FileLockWrapper - Could not create the directories for the lock of /tmp/leads/processor/tmp/testplugin.jar.lock
ERROR main eu.leads.processor.common.utils.FileLockWrapper - Could not create the directories for the lock of /tmp/leads/processor/tmp/testplugin.jar.lock
ERROR main eu.leads.processor.common.utils.FileLockWrapper - Could not create the directories for the lock of /tmp/leads/processor/tmp/testplugin.xml.lock
ERROR main eu.leads.processor.common.infinispan.ClusterInfinispanManager - Configuration given for webpages is not clustered so using default cluster configuration
WARN pool-7-thread-1 org.infinispan.configuration.cache.AbstractStoreConfigurationBuilder - ISPN000149: Fetch persistent state and purge on startup are both disabled, cache may contain stale entries on startup
ERROR main eu.leads.processor.conf.LQPConfiguration - File config.propertiesCould not be loaded because it does not exist neither in the working dir nor in conf/
INFO main eu.leads.crawler.PersistentCrawl - Seed : http://www.bbc.co.uk
INFO main eu.leads.crawler.PersistentCrawl - Depth 1
INFO main eu.leads.crawler.PersistentCrawl - Number of crawler threads 1
INFO main eu.leads.crawler.PersistentCrawl - Document earler than 10 day(s)
