INFO eu.leads.processor.common.test.LeadsDistMapReduceTest.main() org.infinispan.factories.GlobalComponentRegistry - ISPN000128: Infinispan version: Infinispan 'Infinium' 7.0.0.Alpha4
INFO eu.leads.processor.common.test.LeadsDistMapReduceTest.main() eu.leads.processor.common.infinispan.CacheManagerFactory - Starting Clustered Infinispan Manager
INFO eu.leads.processor.common.test.LeadsDistMapReduceTest.main() org.infinispan.configuration.parsing.Parser70 - ISPN000293: Ignoring XML attribute START, please remove from configuration file
INFO eu.leads.processor.common.test.LeadsDistMapReduceTest.main() org.infinispan.configuration.parsing.Parser70 - ISPN000293: Ignoring XML attribute START, please remove from configuration file
INFO eu.leads.processor.common.test.LeadsDistMapReduceTest.main() org.infinispan.configuration.parsing.Parser70 - ISPN000293: Ignoring XML attribute START, please remove from configuration file
INFO eu.leads.processor.common.test.LeadsDistMapReduceTest.main() org.infinispan.configuration.parsing.Parser70 - ISPN000293: Ignoring XML attribute START, please remove from configuration file
INFO eu.leads.processor.common.test.LeadsDistMapReduceTest.main() org.infinispan.configuration.parsing.Parser70 - ISPN000293: Ignoring XML attribute START, please remove from configuration file
INFO eu.leads.processor.common.test.LeadsDistMapReduceTest.main() org.infinispan.configuration.parsing.Parser70 - ISPN000293: Ignoring XML attribute START, please remove from configuration file
INFO eu.leads.processor.common.test.LeadsDistMapReduceTest.main() org.infinispan.configuration.parsing.Parser70 - ISPN000293: Ignoring XML attribute START, please remove from configuration file
INFO eu.leads.processor.common.test.LeadsDistMapReduceTest.main() org.infinispan.configuration.parsing.Parser70 - ISPN000293: Ignoring XML attribute START, please remove from configuration file
INFO eu.leads.processor.common.test.LeadsDistMapReduceTest.main() org.infinispan.configuration.cache.EvictionConfigurationBuilder - ISPN000152: Passivation configured without an eviction policy being selected. Only manually evicted entities will be passivated.
WARN eu.leads.processor.common.test.LeadsDistMapReduceTest.main() org.infinispan.configuration.cache.AbstractStoreConfigurationBuilder - ISPN000149: Fetch persistent state and purge on startup are both disabled, cache may contain stale entries on startup
INFO eu.leads.processor.common.test.LeadsDistMapReduceTest.main() org.infinispan.configuration.cache.EvictionConfigurationBuilder - ISPN000152: Passivation configured without an eviction policy being selected. Only manually evicted entities will be passivated.
WARN eu.leads.processor.common.test.LeadsDistMapReduceTest.main() org.infinispan.configuration.cache.AbstractStoreConfigurationBuilder - ISPN000149: Fetch persistent state and purge on startup are both disabled, cache may contain stale entries on startup
INFO eu.leads.processor.common.test.LeadsDistMapReduceTest.main() org.infinispan.configuration.cache.EvictionConfigurationBuilder - ISPN000152: Passivation configured without an eviction policy being selected. Only manually evicted entities will be passivated.
WARN eu.leads.processor.common.test.LeadsDistMapReduceTest.main() org.infinispan.configuration.cache.AbstractStoreConfigurationBuilder - ISPN000149: Fetch persistent state and purge on startup are both disabled, cache may contain stale entries on startup
INFO eu.leads.processor.common.test.LeadsDistMapReduceTest.main() org.infinispan.configuration.cache.EvictionConfigurationBuilder - ISPN000152: Passivation configured without an eviction policy being selected. Only manually evicted entities will be passivated.
WARN eu.leads.processor.common.test.LeadsDistMapReduceTest.main() org.infinispan.configuration.cache.AbstractStoreConfigurationBuilder - ISPN000149: Fetch persistent state and purge on startup are both disabled, cache may contain stale entries on startup
ERROR eu.leads.processor.common.test.LeadsDistMapReduceTest.main() eu.leads.processor.common.infinispan.ClusterInfinispanManager - Configuration given for clustered is not clustered so using default cluster configuration
INFO eu.leads.processor.common.test.LeadsDistMapReduceTest.main() org.infinispan.remoting.transport.jgroups.JGroupsTransport - ISPN000078: Starting JGroups channel ISPN
WARN eu.leads.processor.common.test.LeadsDistMapReduceTest.main() org.jgroups.stack.Configurator - JGRP000014: TP.loopback has been deprecated: enabled by default
WARN eu.leads.processor.common.test.LeadsDistMapReduceTest.main() org.jgroups.stack.Configurator - JGRP000014: Discovery.timeout has been deprecated: GMS.join_timeout should be used instead
WARN eu.leads.processor.common.test.LeadsDistMapReduceTest.main() org.jgroups.stack.Configurator - JGRP000014: Discovery.num_initial_members has been deprecated: will be ignored
WARN eu.leads.processor.common.test.LeadsDistMapReduceTest.main() org.jgroups.stack.Configurator - JGRP000014: Discovery.num_initial_srv_members has been deprecated: not used anymore
WARN eu.leads.processor.common.test.LeadsDistMapReduceTest.main() org.jgroups.stack.Configurator - JGRP000014: Discovery.always_send_physical_addr_with_discovery_request has been deprecated: ignored
WARN eu.leads.processor.common.test.LeadsDistMapReduceTest.main() org.jgroups.protocols.MFC - The fragmentation size of the fragmentation protocol is 60000, which is greater than min_credits (40000). This can lead to blockings (https://issues.jboss.org/browse/JGRP-1659)
WARN eu.leads.processor.common.test.LeadsDistMapReduceTest.main() org.jgroups.protocols.TCP - JGRP000046: bundler_type=new has been removed; using transfer-queue
INFO eu.leads.processor.common.test.LeadsDistMapReduceTest.main() org.infinispan.remoting.transport.jgroups.JGroupsTransport - ISPN000094: Received new cluster view for channel ISPN: [tr-OptiPlex-390-38434|0] (1) [tr-OptiPlex-390-38434]
INFO eu.leads.processor.common.test.LeadsDistMapReduceTest.main() org.infinispan.remoting.transport.jgroups.JGroupsTransport - ISPN000079: Channel ISPN local address is tr-OptiPlex-390-38434, physical addresses are [147.27.14.135:32886]
INFO eu.leads.processor.common.test.LeadsDistMapReduceTest.main() org.infinispan.factories.GlobalComponentRegistry - ISPN000128: Infinispan version: Infinispan 'Guinness' 7.0.0.Alpha5
WARN pool-4-thread-1 org.infinispan.configuration.cache.AbstractStoreConfigurationBuilder - ISPN000149: Fetch persistent state and purge on startup are both disabled, cache may contain stale entries on startup
ERROR eu.leads.processor.common.test.LeadsDistMapReduceTest.main() eu.leads.processor.common.infinispan.ClusterInfinispanManager - Configuration given for InCache is not clustered so using default cluster configuration
WARN pool-5-thread-1 org.infinispan.configuration.cache.AbstractStoreConfigurationBuilder - ISPN000149: Fetch persistent state and purge on startup are both disabled, cache may contain stale entries on startup
ERROR eu.leads.processor.common.test.LeadsDistMapReduceTest.main() eu.leads.processor.common.infinispan.ClusterInfinispanManager - Configuration given for CollectorCache is not clustered so using default cluster configuration
WARN pool-6-thread-1 org.infinispan.configuration.cache.AbstractStoreConfigurationBuilder - ISPN000149: Fetch persistent state and purge on startup are both disabled, cache may contain stale entries on startup
ERROR eu.leads.processor.common.test.LeadsDistMapReduceTest.main() eu.leads.processor.common.infinispan.ClusterInfinispanManager - Configuration given for OutCache is not clustered so using default cluster configuration
WARN pool-7-thread-1 org.infinispan.configuration.cache.AbstractStoreConfigurationBuilder - ISPN000149: Fetch persistent state and purge on startup are both disabled, cache may contain stale entries on startup
INFO eu.leads.processor.common.test.LeadsDistMapReduceTest.main() org.infinispan.eviction.impl.PassivationManagerImpl - ISPN000029: Passivating all entries to disk
INFO eu.leads.processor.common.test.LeadsDistMapReduceTest.main() org.infinispan.eviction.impl.PassivationManagerImpl - ISPN000030: Passivated 8192 entries in 55 milliseconds
INFO eu.leads.processor.common.test.LeadsDistMapReduceTest.main() org.infinispan.eviction.impl.PassivationManagerImpl - ISPN000029: Passivating all entries to disk
INFO eu.leads.processor.common.test.LeadsDistMapReduceTest.main() org.infinispan.eviction.impl.PassivationManagerImpl - ISPN000030: Passivated 5393 entries in 42 milliseconds
INFO eu.leads.processor.common.test.LeadsDistMapReduceTest.main() org.infinispan.eviction.impl.PassivationManagerImpl - ISPN000029: Passivating all entries to disk
INFO eu.leads.processor.common.test.LeadsDistMapReduceTest.main() org.infinispan.eviction.impl.PassivationManagerImpl - ISPN000030: Passivated 0 entries in 0 milliseconds
INFO eu.leads.processor.common.test.LeadsDistMapReduceTest.main() org.infinispan.eviction.impl.PassivationManagerImpl - ISPN000029: Passivating all entries to disk
INFO eu.leads.processor.common.test.LeadsDistMapReduceTest.main() org.infinispan.eviction.impl.PassivationManagerImpl - ISPN000030: Passivated 8192 entries in 52 milliseconds
INFO eu.leads.processor.common.test.LeadsDistMapReduceTest.main() org.infinispan.remoting.transport.jgroups.JGroupsTransport - ISPN000080: Disconnecting JGroups channel ISPN
INFO eu.leads.processor.common.test.LeadsDistMapReduceTest.main() org.infinispan.remoting.transport.jgroups.JGroupsTransport - ISPN000082: Stopping the RpcDispatcher for channel ISPN
